2025-11-11 00:34:49,041 - Log file for this run: C:\ai8x-training\logs\2025.11.11-003449\2025.11.11-003449.log
2025-11-11 00:34:49,042 - Configuring device: MAX78000, simulate=False.
2025-11-11 00:34:49,169 - 
2025-11-11 00:34:49,171 - --------------------------------------------------------
2025-11-11 00:34:49,171 - Logging to TensorBoard - remember to execute the server:
2025-11-11 00:34:49,171 - > tensorboard --logdir='./logs'
2025-11-11 00:34:49,171 - 
2025-11-11 00:34:49,712 - Optimizer Type: <class 'torch.optim.adam.Adam'>
2025-11-11 00:34:49,712 - Optimizer Args: {'lr': 0.0001, 'betas': (0.9, 0.999), 'eps': 1e-08, 'weight_decay': 0.0, 'amsgrad': False, 'maximize': False, 'foreach': None, 'capturable': False, 'differentiable': False, 'fused': None}
2025-11-11 00:34:49,816 - Reading compression schedule from: policies/schedule-catsdogs.yaml
2025-11-11 00:34:49,820 - Dataset sizes:
	training=171
	validation=19
	test=48
2025-11-11 00:34:49,820 - 

2025-11-11 00:34:49,821 - Training epoch: 171 samples (256 per mini-batch, world size: 1)
2025-11-11 00:35:16,859 - Epoch: [0][    1/    1]    Overall Loss 0.694501    Objective Loss 0.694501    Top1 50.877193    LR 0.000100    Time 27.037785    
2025-11-11 00:35:17,876 - --- validate (epoch=0)-----------
2025-11-11 00:35:17,876 - 19 samples (256 per mini-batch)
2025-11-11 00:35:40,434 - Epoch: [0][    1/    1]    Loss 0.694337    Top1 36.842105    
2025-11-11 00:35:41,684 - ==> Top1: 36.842    Loss: 0.694

2025-11-11 00:35:41,690 - ==> Confusion:
[[4 3]
 [9 3]]

2025-11-11 00:35:41,780 - ==> Best [Top1: 36.842   Params: 57776 on epoch: 0]
2025-11-11 00:35:41,782 - Saving checkpoint to: logs\2025.11.11-003449\checkpoint.pth.tar
2025-11-11 00:35:41,809 - 

2025-11-11 00:35:41,809 - Training epoch: 171 samples (256 per mini-batch, world size: 1)
2025-11-11 00:36:10,654 - Epoch: [1][    1/    1]    Overall Loss 0.693175    Objective Loss 0.693175    Top1 53.801170    LR 0.000100    Time 28.844647    
2025-11-11 00:36:11,503 - --- validate (epoch=1)-----------
2025-11-11 00:36:11,503 - 19 samples (256 per mini-batch)
2025-11-11 00:36:32,356 - Epoch: [1][    1/    1]    Loss 0.693624    Top1 47.368421    
2025-11-11 00:36:33,752 - ==> Top1: 47.368    Loss: 0.694

2025-11-11 00:36:33,752 - ==> Confusion:
[[3 4]
 [6 6]]

2025-11-11 00:36:33,804 - ==> Best [Top1: 47.368   Params: 57776 on epoch: 1]
2025-11-11 00:36:33,806 - Saving checkpoint to: logs\2025.11.11-003449\checkpoint.pth.tar
2025-11-11 00:36:33,837 - 

2025-11-11 00:36:33,838 - Training epoch: 171 samples (256 per mini-batch, world size: 1)
2025-11-11 00:36:56,409 - Epoch: [2][    1/    1]    Overall Loss 0.691206    Objective Loss 0.691206    Top1 50.292398    LR 0.000100    Time 22.570640    
2025-11-11 00:36:57,250 - --- validate (epoch=2)-----------
2025-11-11 00:36:57,251 - 19 samples (256 per mini-batch)
2025-11-11 00:37:31,511 - Epoch: [2][    1/    1]    Loss 0.678008    Top1 57.894737    
2025-11-11 00:37:33,583 - ==> Top1: 57.895    Loss: 0.678

2025-11-11 00:37:33,585 - ==> Confusion:
[[4 3]
 [5 7]]

2025-11-11 00:37:33,670 - ==> Best [Top1: 57.895   Params: 57776 on epoch: 2]
2025-11-11 00:37:33,672 - Saving checkpoint to: logs\2025.11.11-003449\checkpoint.pth.tar
2025-11-11 00:37:33,714 - 

2025-11-11 00:37:33,714 - Training epoch: 171 samples (256 per mini-batch, world size: 1)
2025-11-11 00:38:11,220 - Epoch: [3][    1/    1]    Overall Loss 0.684932    Objective Loss 0.684932    Top1 54.970760    LR 0.000100    Time 37.506720    
2025-11-11 00:38:12,296 - --- validate (epoch=3)-----------
2025-11-11 00:38:12,298 - 19 samples (256 per mini-batch)
2025-11-11 00:38:39,936 - Epoch: [3][    1/    1]    Loss 0.680880    Top1 57.894737    
2025-11-11 00:38:41,711 - ==> Top1: 57.895    Loss: 0.681

2025-11-11 00:38:41,712 - ==> Confusion:
[[2 5]
 [3 9]]

2025-11-11 00:38:41,773 - ==> Best [Top1: 57.895   Params: 57776 on epoch: 3]
2025-11-11 00:38:41,773 - Saving checkpoint to: logs\2025.11.11-003449\checkpoint.pth.tar
2025-11-11 00:38:41,813 - 

2025-11-11 00:38:41,814 - Training epoch: 171 samples (256 per mini-batch, world size: 1)
2025-11-11 00:39:22,154 - Epoch: [4][    1/    1]    Overall Loss 0.691077    Objective Loss 0.691077    Top1 47.368421    LR 0.000100    Time 40.340050    
2025-11-11 00:39:23,340 - --- validate (epoch=4)-----------
2025-11-11 00:39:23,341 - 19 samples (256 per mini-batch)
2025-11-11 00:39:53,540 - Epoch: [4][    1/    1]    Loss 0.687775    Top1 47.368421    
2025-11-11 00:39:55,311 - ==> Top1: 47.368    Loss: 0.688

2025-11-11 00:39:55,311 - ==> Confusion:
[[0 7]
 [3 9]]

2025-11-11 00:39:55,371 - ==> Best [Top1: 57.895   Params: 57776 on epoch: 3]
2025-11-11 00:39:55,373 - Saving checkpoint to: logs\2025.11.11-003449\checkpoint.pth.tar
2025-11-11 00:39:55,387 - 

2025-11-11 00:39:55,388 - Training epoch: 171 samples (256 per mini-batch, world size: 1)
2025-11-11 00:40:21,352 - Epoch: [5][    1/    1]    Overall Loss 0.689936    Objective Loss 0.689936    Top1 54.385965    LR 0.000100    Time 25.963823    
2025-11-11 00:40:22,309 - --- validate (epoch=5)-----------
2025-11-11 00:40:22,309 - 19 samples (256 per mini-batch)
2025-11-11 00:40:44,155 - Epoch: [5][    1/    1]    Loss 0.666827    Top1 68.421053    
2025-11-11 00:40:45,513 - ==> Top1: 68.421    Loss: 0.667

2025-11-11 00:40:45,513 - ==> Confusion:
[[ 3  4]
 [ 2 10]]

2025-11-11 00:40:45,562 - ==> Best [Top1: 68.421   Params: 57776 on epoch: 5]
2025-11-11 00:40:45,563 - Saving checkpoint to: logs\2025.11.11-003449\checkpoint.pth.tar
2025-11-11 00:40:45,594 - 

2025-11-11 00:40:45,594 - Training epoch: 171 samples (256 per mini-batch, world size: 1)
2025-11-11 00:41:08,527 - Epoch: [6][    1/    1]    Overall Loss 0.687680    Objective Loss 0.687680    Top1 53.216374    LR 0.000100    Time 22.932408    
2025-11-11 00:41:09,383 - --- validate (epoch=6)-----------
2025-11-11 00:41:09,383 - 19 samples (256 per mini-batch)
2025-11-11 00:41:42,696 - Epoch: [6][    1/    1]    Loss 0.668779    Top1 73.684211    
2025-11-11 00:41:44,565 - ==> Top1: 73.684    Loss: 0.669

2025-11-11 00:41:44,566 - ==> Confusion:
[[ 3  4]
 [ 1 11]]

2025-11-11 00:41:44,646 - ==> Best [Top1: 73.684   Params: 57776 on epoch: 6]
2025-11-11 00:41:44,646 - Saving checkpoint to: logs\2025.11.11-003449\checkpoint.pth.tar
2025-11-11 00:41:44,675 - 

2025-11-11 00:41:44,675 - Training epoch: 171 samples (256 per mini-batch, world size: 1)
2025-11-11 00:42:23,527 - Epoch: [7][    1/    1]    Overall Loss 0.684313    Objective Loss 0.684313    Top1 55.555556    LR 0.000100    Time 38.852045    
2025-11-11 00:42:24,373 - --- validate (epoch=7)-----------
2025-11-11 00:42:24,373 - 19 samples (256 per mini-batch)
2025-11-11 00:42:46,673 - Epoch: [7][    1/    1]    Loss 0.665999    Top1 73.684211    
2025-11-11 00:42:48,441 - ==> Top1: 73.684    Loss: 0.666

2025-11-11 00:42:48,441 - ==> Confusion:
[[ 2  5]
 [ 0 12]]

2025-11-11 00:42:48,512 - ==> Best [Top1: 73.684   Params: 57776 on epoch: 7]
2025-11-11 00:42:48,512 - Saving checkpoint to: logs\2025.11.11-003449\checkpoint.pth.tar
2025-11-11 00:42:48,552 - 

2025-11-11 00:42:48,552 - Training epoch: 171 samples (256 per mini-batch, world size: 1)
2025-11-11 00:43:28,098 - Epoch: [8][    1/    1]    Overall Loss 0.680086    Objective Loss 0.680086    Top1 60.818713    LR 0.000100    Time 39.545833    
2025-11-11 00:43:29,268 - --- validate (epoch=8)-----------
2025-11-11 00:43:29,270 - 19 samples (256 per mini-batch)
2025-11-11 00:44:04,500 - Epoch: [8][    1/    1]    Loss 0.655141    Top1 68.421053    
2025-11-11 00:44:06,365 - ==> Top1: 68.421    Loss: 0.655

2025-11-11 00:44:06,366 - ==> Confusion:
[[ 2  5]
 [ 1 11]]

2025-11-11 00:44:06,428 - ==> Best [Top1: 73.684   Params: 57776 on epoch: 7]
2025-11-11 00:44:06,429 - Saving checkpoint to: logs\2025.11.11-003449\checkpoint.pth.tar
2025-11-11 00:44:06,441 - 

2025-11-11 00:44:06,441 - Training epoch: 171 samples (256 per mini-batch, world size: 1)
2025-11-11 00:44:47,471 - Epoch: [9][    1/    1]    Overall Loss 0.679625    Objective Loss 0.679625    Top1 60.233918    LR 0.000100    Time 41.029060    
2025-11-11 00:44:48,549 - --- validate (epoch=9)-----------
2025-11-11 00:44:48,551 - 19 samples (256 per mini-batch)
2025-11-11 00:45:19,043 - Epoch: [9][    1/    1]    Loss 0.669251    Top1 68.421053    
2025-11-11 00:45:20,322 - ==> Top1: 68.421    Loss: 0.669

2025-11-11 00:45:20,325 - ==> Confusion:
[[5 2]
 [4 8]]

2025-11-11 00:45:20,372 - ==> Best [Top1: 73.684   Params: 57776 on epoch: 7]
2025-11-11 00:45:20,373 - Saving checkpoint to: logs\2025.11.11-003449\checkpoint.pth.tar
2025-11-11 00:45:20,382 - 

2025-11-11 00:45:20,382 - Training epoch: 171 samples (256 per mini-batch, world size: 1)
2025-11-11 00:46:02,237 - Epoch: [10][    1/    1]    Overall Loss 0.674132    Objective Loss 0.674132    Top1 64.327485    LR 0.000100    Time 41.853985    
2025-11-11 00:46:03,432 - --- validate (epoch=10)-----------
2025-11-11 00:46:03,433 - 19 samples (256 per mini-batch)
2025-11-11 00:46:43,689 - Epoch: [10][    1/    1]    Loss 0.673722    Top1 68.421053    
2025-11-11 00:46:45,592 - ==> Top1: 68.421    Loss: 0.674

2025-11-11 00:46:45,592 - ==> Confusion:
[[ 2  5]
 [ 1 11]]

2025-11-11 00:46:45,658 - ==> Best [Top1: 73.684   Params: 57776 on epoch: 7]
2025-11-11 00:46:45,659 - Saving checkpoint to: logs\2025.11.11-003449\checkpoint.pth.tar
2025-11-11 00:46:45,669 - 

2025-11-11 00:46:45,670 - Training epoch: 171 samples (256 per mini-batch, world size: 1)
2025-11-11 00:47:36,419 - Epoch: [11][    1/    1]    Overall Loss 0.679890    Objective Loss 0.679890    Top1 61.403509    LR 0.000100    Time 50.748092    
2025-11-11 00:47:38,027 - --- validate (epoch=11)-----------
2025-11-11 00:47:38,027 - 19 samples (256 per mini-batch)
2025-11-11 00:48:18,887 - Epoch: [11][    1/    1]    Loss 0.676502    Top1 63.157895    
2025-11-11 00:48:20,691 - ==> Top1: 63.158    Loss: 0.677

2025-11-11 00:48:20,691 - ==> Confusion:
[[3 4]
 [3 9]]

2025-11-11 00:48:20,801 - ==> Best [Top1: 73.684   Params: 57776 on epoch: 7]
2025-11-11 00:48:20,801 - Saving checkpoint to: logs\2025.11.11-003449\checkpoint.pth.tar
2025-11-11 00:48:20,818 - 

2025-11-11 00:48:20,819 - Training epoch: 171 samples (256 per mini-batch, world size: 1)
2025-11-11 00:49:01,406 - Epoch: [12][    1/    1]    Overall Loss 0.677271    Objective Loss 0.677271    Top1 58.479532    LR 0.000100    Time 40.586925    
2025-11-11 00:49:02,569 - --- validate (epoch=12)-----------
2025-11-11 00:49:02,570 - 19 samples (256 per mini-batch)
2025-11-11 00:49:44,310 - Epoch: [12][    1/    1]    Loss 0.678018    Top1 63.157895    
2025-11-11 00:49:46,533 - ==> Top1: 63.158    Loss: 0.678

2025-11-11 00:49:46,534 - ==> Confusion:
[[3 4]
 [3 9]]

2025-11-11 00:49:46,623 - ==> Best [Top1: 73.684   Params: 57776 on epoch: 7]
2025-11-11 00:49:46,623 - Saving checkpoint to: logs\2025.11.11-003449\checkpoint.pth.tar
2025-11-11 00:49:46,642 - 

2025-11-11 00:49:46,647 - Training epoch: 171 samples (256 per mini-batch, world size: 1)
2025-11-11 00:50:40,947 - Epoch: [13][    1/    1]    Overall Loss 0.680185    Objective Loss 0.680185    Top1 58.479532    LR 0.000100    Time 54.295418    
2025-11-11 00:50:42,485 - --- validate (epoch=13)-----------
2025-11-11 00:50:42,485 - 19 samples (256 per mini-batch)
2025-11-11 00:51:33,902 - Epoch: [13][    1/    1]    Loss 0.675550    Top1 63.157895    
2025-11-11 00:51:36,424 - ==> Top1: 63.158    Loss: 0.676

2025-11-11 00:51:36,425 - ==> Confusion:
[[3 4]
 [3 9]]

2025-11-11 00:51:36,537 - ==> Best [Top1: 73.684   Params: 57776 on epoch: 7]
2025-11-11 00:51:36,541 - Saving checkpoint to: logs\2025.11.11-003449\checkpoint.pth.tar
2025-11-11 00:51:36,559 - 

2025-11-11 00:51:36,561 - Training epoch: 171 samples (256 per mini-batch, world size: 1)
2025-11-11 00:52:30,715 - Epoch: [14][    1/    1]    Overall Loss 0.681952    Objective Loss 0.681952    Top1 55.555556    LR 0.000100    Time 54.150425    
2025-11-11 00:52:32,071 - --- validate (epoch=14)-----------
2025-11-11 00:52:32,078 - 19 samples (256 per mini-batch)
2025-11-11 00:53:14,427 - Epoch: [14][    1/    1]    Loss 0.663547    Top1 63.157895    
2025-11-11 00:53:16,224 - ==> Top1: 63.158    Loss: 0.664

2025-11-11 00:53:16,224 - ==> Confusion:
[[4 3]
 [4 8]]

2025-11-11 00:53:16,305 - ==> Best [Top1: 73.684   Params: 57776 on epoch: 7]
2025-11-11 00:53:16,306 - Saving checkpoint to: logs\2025.11.11-003449\checkpoint.pth.tar
2025-11-11 00:53:16,323 - 

2025-11-11 00:53:16,323 - Training epoch: 171 samples (256 per mini-batch, world size: 1)
2025-11-11 00:53:58,887 - Epoch: [15][    1/    1]    Overall Loss 0.676666    Objective Loss 0.676666    Top1 58.479532    LR 0.000100    Time 42.564622    
2025-11-11 00:54:00,033 - --- validate (epoch=15)-----------
2025-11-11 00:54:00,033 - 19 samples (256 per mini-batch)
2025-11-11 00:54:39,166 - Epoch: [15][    1/    1]    Loss 0.672834    Top1 63.157895    
2025-11-11 00:54:40,859 - ==> Top1: 63.158    Loss: 0.673

2025-11-11 00:54:40,860 - ==> Confusion:
[[5 2]
 [5 7]]

2025-11-11 00:54:40,939 - ==> Best [Top1: 73.684   Params: 57776 on epoch: 7]
2025-11-11 00:54:40,939 - Saving checkpoint to: logs\2025.11.11-003449\checkpoint.pth.tar
2025-11-11 00:54:40,955 - 

2025-11-11 00:54:40,955 - Training epoch: 171 samples (256 per mini-batch, world size: 1)
2025-11-11 00:55:21,851 - Epoch: [16][    1/    1]    Overall Loss 0.673751    Objective Loss 0.673751    Top1 62.573099    LR 0.000100    Time 40.894030    
2025-11-11 00:55:23,029 - --- validate (epoch=16)-----------
2025-11-11 00:55:23,029 - 19 samples (256 per mini-batch)
2025-11-11 00:56:03,031 - Epoch: [16][    1/    1]    Loss 0.651331    Top1 73.684211    
2025-11-11 00:56:04,786 - ==> Top1: 73.684    Loss: 0.651

2025-11-11 00:56:04,786 - ==> Confusion:
[[ 4  3]
 [ 2 10]]

2025-11-11 00:56:04,861 - ==> Best [Top1: 73.684   Params: 57776 on epoch: 16]
2025-11-11 00:56:04,862 - Saving checkpoint to: logs\2025.11.11-003449\checkpoint.pth.tar
2025-11-11 00:56:04,906 - 

2025-11-11 00:56:04,906 - Training epoch: 171 samples (256 per mini-batch, world size: 1)
2025-11-11 00:56:47,426 - Epoch: [17][    1/    1]    Overall Loss 0.671086    Objective Loss 0.671086    Top1 58.479532    LR 0.000100    Time 42.519722    
2025-11-11 00:56:48,564 - --- validate (epoch=17)-----------
2025-11-11 00:56:48,565 - 19 samples (256 per mini-batch)
2025-11-11 00:57:26,680 - Epoch: [17][    1/    1]    Loss 0.647363    Top1 78.947368    
2025-11-11 00:57:28,453 - ==> Top1: 78.947    Loss: 0.647

2025-11-11 00:57:28,454 - ==> Confusion:
[[ 4  3]
 [ 1 11]]

2025-11-11 00:57:28,532 - ==> Best [Top1: 78.947   Params: 57776 on epoch: 17]
2025-11-11 00:57:28,532 - Saving checkpoint to: logs\2025.11.11-003449\checkpoint.pth.tar
2025-11-11 00:57:28,568 - 

2025-11-11 00:57:28,568 - Training epoch: 171 samples (256 per mini-batch, world size: 1)
2025-11-11 00:58:10,023 - Epoch: [18][    1/    1]    Overall Loss 0.671845    Objective Loss 0.671845    Top1 63.742690    LR 0.000100    Time 41.453685    
2025-11-11 00:58:11,146 - --- validate (epoch=18)-----------
2025-11-11 00:58:11,147 - 19 samples (256 per mini-batch)
2025-11-11 00:58:50,477 - Epoch: [18][    1/    1]    Loss 0.664533    Top1 63.157895    
2025-11-11 00:58:51,984 - ==> Top1: 63.158    Loss: 0.665

2025-11-11 00:58:51,986 - ==> Confusion:
[[4 3]
 [4 8]]

2025-11-11 00:58:52,050 - ==> Best [Top1: 78.947   Params: 57776 on epoch: 17]
2025-11-11 00:58:52,050 - Saving checkpoint to: logs\2025.11.11-003449\checkpoint.pth.tar
2025-11-11 00:58:52,064 - 

2025-11-11 00:58:52,065 - Training epoch: 171 samples (256 per mini-batch, world size: 1)
2025-11-11 00:59:35,980 - Epoch: [19][    1/    1]    Overall Loss 0.674199    Objective Loss 0.674199    Top1 57.894737    LR 0.000100    Time 43.915143    
2025-11-11 00:59:37,165 - --- validate (epoch=19)-----------
2025-11-11 00:59:37,166 - 19 samples (256 per mini-batch)
2025-11-11 01:00:16,263 - Epoch: [19][    1/    1]    Loss 0.665967    Top1 57.894737    
2025-11-11 01:00:17,982 - ==> Top1: 57.895    Loss: 0.666

2025-11-11 01:00:17,984 - ==> Confusion:
[[4 3]
 [5 7]]

2025-11-11 01:00:18,043 - ==> Best [Top1: 78.947   Params: 57776 on epoch: 17]
2025-11-11 01:00:18,043 - Saving checkpoint to: logs\2025.11.11-003449\checkpoint.pth.tar
2025-11-11 01:00:18,058 - 

2025-11-11 01:00:18,058 - Training epoch: 171 samples (256 per mini-batch, world size: 1)
2025-11-11 01:00:59,571 - Epoch: [20][    1/    1]    Overall Loss 0.674012    Objective Loss 0.674012    Top1 56.140351    LR 0.000050    Time 41.512061    
2025-11-11 01:01:00,686 - --- validate (epoch=20)-----------
2025-11-11 01:01:00,687 - 19 samples (256 per mini-batch)
2025-11-11 01:01:40,082 - Epoch: [20][    1/    1]    Loss 0.639524    Top1 78.947368    
2025-11-11 01:01:41,832 - ==> Top1: 78.947    Loss: 0.640

2025-11-11 01:01:41,832 - ==> Confusion:
[[ 5  2]
 [ 2 10]]

2025-11-11 01:01:41,906 - ==> Best [Top1: 78.947   Params: 57776 on epoch: 20]
2025-11-11 01:01:41,906 - Saving checkpoint to: logs\2025.11.11-003449\checkpoint.pth.tar
2025-11-11 01:01:41,942 - 

2025-11-11 01:01:41,942 - Training epoch: 171 samples (256 per mini-batch, world size: 1)
2025-11-11 01:02:23,939 - Epoch: [21][    1/    1]    Overall Loss 0.669794    Objective Loss 0.669794    Top1 63.157895    LR 0.000050    Time 41.995215    
2025-11-11 01:02:25,078 - --- validate (epoch=21)-----------
2025-11-11 01:02:25,079 - 19 samples (256 per mini-batch)
2025-11-11 01:03:02,569 - Epoch: [21][    1/    1]    Loss 0.670856    Top1 68.421053    
2025-11-11 01:03:04,232 - ==> Top1: 68.421    Loss: 0.671

2025-11-11 01:03:04,232 - ==> Confusion:
[[ 3  4]
 [ 2 10]]

2025-11-11 01:03:04,313 - ==> Best [Top1: 78.947   Params: 57776 on epoch: 20]
2025-11-11 01:03:04,313 - Saving checkpoint to: logs\2025.11.11-003449\checkpoint.pth.tar
2025-11-11 01:03:04,324 - 

2025-11-11 01:03:04,325 - Training epoch: 171 samples (256 per mini-batch, world size: 1)
2025-11-11 01:03:46,509 - Epoch: [22][    1/    1]    Overall Loss 0.674515    Objective Loss 0.674515    Top1 57.894737    LR 0.000050    Time 42.180320    
2025-11-11 01:03:47,649 - --- validate (epoch=22)-----------
2025-11-11 01:03:47,649 - 19 samples (256 per mini-batch)
2025-11-11 01:04:27,747 - Epoch: [22][    1/    1]    Loss 0.644570    Top1 73.684211    
2025-11-11 01:04:29,439 - ==> Top1: 73.684    Loss: 0.645

2025-11-11 01:04:29,439 - ==> Confusion:
[[ 4  3]
 [ 2 10]]

2025-11-11 01:04:29,510 - ==> Best [Top1: 78.947   Params: 57776 on epoch: 20]
2025-11-11 01:04:29,511 - Saving checkpoint to: logs\2025.11.11-003449\checkpoint.pth.tar
2025-11-11 01:04:29,524 - 

2025-11-11 01:04:29,524 - Training epoch: 171 samples (256 per mini-batch, world size: 1)
2025-11-11 01:05:11,485 - Epoch: [23][    1/    1]    Overall Loss 0.663376    Objective Loss 0.663376    Top1 61.988304    LR 0.000050    Time 41.959738    
2025-11-11 01:05:12,655 - --- validate (epoch=23)-----------
2025-11-11 01:05:12,656 - 19 samples (256 per mini-batch)
2025-11-11 01:05:57,322 - Epoch: [23][    1/    1]    Loss 0.658989    Top1 57.894737    
2025-11-11 01:06:00,060 - ==> Top1: 57.895    Loss: 0.659

2025-11-11 01:06:00,063 - ==> Confusion:
[[2 5]
 [3 9]]

2025-11-11 01:06:00,186 - ==> Best [Top1: 78.947   Params: 57776 on epoch: 20]
2025-11-11 01:06:00,186 - Saving checkpoint to: logs\2025.11.11-003449\checkpoint.pth.tar
2025-11-11 01:06:00,207 - 

2025-11-11 01:06:00,207 - Training epoch: 171 samples (256 per mini-batch, world size: 1)
2025-11-11 01:06:46,848 - Epoch: [24][    1/    1]    Overall Loss 0.669062    Objective Loss 0.669062    Top1 61.403509    LR 0.000050    Time 46.640052    
2025-11-11 01:06:48,051 - --- validate (epoch=24)-----------
2025-11-11 01:06:48,051 - 19 samples (256 per mini-batch)
2025-11-11 01:07:28,140 - Epoch: [24][    1/    1]    Loss 0.655434    Top1 73.684211    
2025-11-11 01:07:30,004 - ==> Top1: 73.684    Loss: 0.655

2025-11-11 01:07:30,005 - ==> Confusion:
[[ 4  3]
 [ 2 10]]

2025-11-11 01:07:30,100 - ==> Best [Top1: 78.947   Params: 57776 on epoch: 20]
2025-11-11 01:07:30,100 - Saving checkpoint to: logs\2025.11.11-003449\checkpoint.pth.tar
2025-11-11 01:07:30,115 - 

2025-11-11 01:07:30,115 - Training epoch: 171 samples (256 per mini-batch, world size: 1)
2025-11-11 01:08:16,622 - Epoch: [25][    1/    1]    Overall Loss 0.676560    Objective Loss 0.676560    Top1 59.649123    LR 0.000050    Time 46.506019    
2025-11-11 01:08:18,055 - --- validate (epoch=25)-----------
2025-11-11 01:08:18,056 - 19 samples (256 per mini-batch)
2025-11-11 01:09:03,116 - Epoch: [25][    1/    1]    Loss 0.658132    Top1 57.894737    
2025-11-11 01:09:05,086 - ==> Top1: 57.895    Loss: 0.658

2025-11-11 01:09:05,087 - ==> Confusion:
[[4 3]
 [5 7]]

2025-11-11 01:09:05,175 - ==> Best [Top1: 78.947   Params: 57776 on epoch: 20]
2025-11-11 01:09:05,175 - Saving checkpoint to: logs\2025.11.11-003449\checkpoint.pth.tar
2025-11-11 01:09:05,191 - 

2025-11-11 01:09:05,191 - Training epoch: 171 samples (256 per mini-batch, world size: 1)
2025-11-11 01:09:52,196 - Epoch: [26][    1/    1]    Overall Loss 0.675914    Objective Loss 0.675914    Top1 62.573099    LR 0.000050    Time 47.004940    
2025-11-11 01:09:53,346 - --- validate (epoch=26)-----------
2025-11-11 01:09:53,346 - 19 samples (256 per mini-batch)
2025-11-11 01:10:36,022 - Epoch: [26][    1/    1]    Loss 0.649784    Top1 68.421053    
2025-11-11 01:10:38,677 - ==> Top1: 68.421    Loss: 0.650

2025-11-11 01:10:38,677 - ==> Confusion:
[[ 3  4]
 [ 2 10]]

2025-11-11 01:10:38,758 - ==> Best [Top1: 78.947   Params: 57776 on epoch: 20]
2025-11-11 01:10:38,758 - Saving checkpoint to: logs\2025.11.11-003449\checkpoint.pth.tar
2025-11-11 01:10:38,773 - 

2025-11-11 01:10:38,773 - Training epoch: 171 samples (256 per mini-batch, world size: 1)
2025-11-11 01:11:24,771 - Epoch: [27][    1/    1]    Overall Loss 0.666780    Objective Loss 0.666780    Top1 61.988304    LR 0.000050    Time 45.997369    
2025-11-11 01:11:25,999 - --- validate (epoch=27)-----------
2025-11-11 01:11:26,000 - 19 samples (256 per mini-batch)
2025-11-11 01:12:07,976 - Epoch: [27][    1/    1]    Loss 0.649261    Top1 63.157895    
2025-11-11 01:12:09,751 - ==> Top1: 63.158    Loss: 0.649

2025-11-11 01:12:09,751 - ==> Confusion:
[[3 4]
 [3 9]]

2025-11-11 01:12:09,827 - ==> Best [Top1: 78.947   Params: 57776 on epoch: 20]
2025-11-11 01:12:09,827 - Saving checkpoint to: logs\2025.11.11-003449\checkpoint.pth.tar
2025-11-11 01:12:09,841 - 

2025-11-11 01:12:09,841 - Training epoch: 171 samples (256 per mini-batch, world size: 1)
2025-11-11 01:12:52,343 - Epoch: [28][    1/    1]    Overall Loss 0.669818    Objective Loss 0.669818    Top1 56.140351    LR 0.000050    Time 42.502191    
2025-11-11 01:12:53,491 - --- validate (epoch=28)-----------
2025-11-11 01:12:53,491 - 19 samples (256 per mini-batch)
2025-11-11 01:13:38,351 - Epoch: [28][    1/    1]    Loss 0.644900    Top1 68.421053    
2025-11-11 01:13:40,447 - ==> Top1: 68.421    Loss: 0.645

2025-11-11 01:13:40,448 - ==> Confusion:
[[4 3]
 [3 9]]

2025-11-11 01:13:40,539 - ==> Best [Top1: 78.947   Params: 57776 on epoch: 20]
2025-11-11 01:13:40,540 - Saving checkpoint to: logs\2025.11.11-003449\checkpoint.pth.tar
2025-11-11 01:13:40,557 - 

2025-11-11 01:13:40,558 - Training epoch: 171 samples (256 per mini-batch, world size: 1)
2025-11-11 01:14:26,912 - Epoch: [29][    1/    1]    Overall Loss 0.671286    Objective Loss 0.671286    Top1 60.233918    LR 0.000050    Time 46.353892    
2025-11-11 01:14:28,062 - --- validate (epoch=29)-----------
2025-11-11 01:14:28,063 - 19 samples (256 per mini-batch)
2025-11-11 01:15:12,088 - Epoch: [29][    1/    1]    Loss 0.628054    Top1 73.684211    
2025-11-11 01:15:14,161 - ==> Top1: 73.684    Loss: 0.628

2025-11-11 01:15:14,161 - ==> Confusion:
[[ 4  3]
 [ 2 10]]

2025-11-11 01:15:14,262 - ==> Best [Top1: 78.947   Params: 57776 on epoch: 20]
2025-11-11 01:15:14,264 - Saving checkpoint to: logs\2025.11.11-003449\checkpoint.pth.tar
2025-11-11 01:15:14,288 - Initiating quantization aware training (QAT)...
2025-11-11 01:15:14,289 - Collecting statistics for quantization aware training (QAT)...
2025-11-11 01:16:03,789 - 

2025-11-11 01:16:03,789 - Training epoch: 171 samples (256 per mini-batch, world size: 1)
2025-11-11 01:16:50,174 - Epoch: [30][    1/    1]    Overall Loss 1.306397    Objective Loss 1.306397    Top1 63.742690    LR 0.000050    Time 46.384079    
2025-11-11 01:16:51,498 - --- validate (epoch=30)-----------
2025-11-11 01:16:51,498 - 19 samples (256 per mini-batch)
2025-11-11 01:17:36,660 - Epoch: [30][    1/    1]    Loss 1.342033    Top1 52.631579    
2025-11-11 01:17:38,307 - ==> Top1: 52.632    Loss: 1.342

2025-11-11 01:17:38,307 - ==> Confusion:
[[2 5]
 [4 8]]

2025-11-11 01:17:38,399 - ==> Best [Top1: 52.632   Params: 57776 on epoch: 30]
2025-11-11 01:17:38,400 - Saving checkpoint to: logs\2025.11.11-003449\qat_checkpoint.pth.tar
2025-11-11 01:17:38,450 - 

2025-11-11 01:17:38,451 - Training epoch: 171 samples (256 per mini-batch, world size: 1)
2025-11-11 01:18:25,476 - Epoch: [31][    1/    1]    Overall Loss 1.397802    Objective Loss 1.397802    Top1 58.479532    LR 0.000050    Time 47.022229    
2025-11-11 01:18:26,702 - --- validate (epoch=31)-----------
2025-11-11 01:18:26,703 - 19 samples (256 per mini-batch)
2025-11-11 01:19:09,123 - Epoch: [31][    1/    1]    Loss 1.024017    Top1 68.421053    
2025-11-11 01:19:11,023 - ==> Top1: 68.421    Loss: 1.024

2025-11-11 01:19:11,024 - ==> Confusion:
[[4 3]
 [3 9]]

2025-11-11 01:19:11,117 - ==> Best [Top1: 68.421   Params: 57776 on epoch: 31]
2025-11-11 01:19:11,118 - Saving checkpoint to: logs\2025.11.11-003449\qat_checkpoint.pth.tar
2025-11-11 01:19:11,160 - 

2025-11-11 01:19:11,161 - Training epoch: 171 samples (256 per mini-batch, world size: 1)
2025-11-11 01:20:01,645 - Epoch: [32][    1/    1]    Overall Loss 1.108328    Objective Loss 1.108328    Top1 64.327485    LR 0.000050    Time 50.483781    
2025-11-11 01:20:02,956 - --- validate (epoch=32)-----------
2025-11-11 01:20:02,956 - 19 samples (256 per mini-batch)
2025-11-11 01:20:47,142 - Epoch: [32][    1/    1]    Loss 0.730216    Top1 68.421053    
2025-11-11 01:20:48,980 - ==> Top1: 68.421    Loss: 0.730

2025-11-11 01:20:48,980 - ==> Confusion:
[[5 2]
 [4 8]]

2025-11-11 01:20:49,060 - ==> Best [Top1: 68.421   Params: 57776 on epoch: 32]
2025-11-11 01:20:49,060 - Saving checkpoint to: logs\2025.11.11-003449\qat_checkpoint.pth.tar
2025-11-11 01:20:49,100 - 

2025-11-11 01:20:49,100 - Training epoch: 171 samples (256 per mini-batch, world size: 1)
2025-11-11 01:21:37,442 - Epoch: [33][    1/    1]    Overall Loss 1.005753    Objective Loss 1.005753    Top1 60.818713    LR 0.000050    Time 48.340765    
2025-11-11 01:21:38,897 - --- validate (epoch=33)-----------
2025-11-11 01:21:38,897 - 19 samples (256 per mini-batch)
2025-11-11 01:22:24,221 - Epoch: [33][    1/    1]    Loss 0.870996    Top1 63.157895    
2025-11-11 01:22:26,242 - ==> Top1: 63.158    Loss: 0.871

2025-11-11 01:22:26,242 - ==> Confusion:
[[4 3]
 [4 8]]

2025-11-11 01:22:26,334 - ==> Best [Top1: 68.421   Params: 57776 on epoch: 32]
2025-11-11 01:22:26,334 - Saving checkpoint to: logs\2025.11.11-003449\qat_checkpoint.pth.tar
2025-11-11 01:22:26,353 - 

2025-11-11 01:22:26,354 - Training epoch: 171 samples (256 per mini-batch, world size: 1)
2025-11-11 01:23:12,820 - Epoch: [34][    1/    1]    Overall Loss 1.059953    Objective Loss 1.059953    Top1 62.573099    LR 0.000050    Time 46.464883    
2025-11-11 01:23:14,941 - --- validate (epoch=34)-----------
2025-11-11 01:23:14,942 - 19 samples (256 per mini-batch)
2025-11-11 01:24:06,296 - Epoch: [34][    1/    1]    Loss 0.743044    Top1 57.894737    
2025-11-11 01:24:08,490 - ==> Top1: 57.895    Loss: 0.743

2025-11-11 01:24:08,490 - ==> Confusion:
[[4 3]
 [5 7]]

2025-11-11 01:24:08,591 - ==> Best [Top1: 68.421   Params: 57776 on epoch: 32]
2025-11-11 01:24:08,591 - Saving checkpoint to: logs\2025.11.11-003449\qat_checkpoint.pth.tar
2025-11-11 01:24:08,613 - 

2025-11-11 01:24:08,614 - Training epoch: 171 samples (256 per mini-batch, world size: 1)
2025-11-11 01:24:56,355 - Epoch: [35][    1/    1]    Overall Loss 0.905807    Objective Loss 0.905807    Top1 63.742690    LR 0.000050    Time 47.738671    
2025-11-11 01:24:57,589 - --- validate (epoch=35)-----------
2025-11-11 01:24:57,589 - 19 samples (256 per mini-batch)
2025-11-11 01:25:41,156 - Epoch: [35][    1/    1]    Loss 0.875820    Top1 57.894737    
2025-11-11 01:25:43,212 - ==> Top1: 57.895    Loss: 0.876

2025-11-11 01:25:43,212 - ==> Confusion:
[[3 4]
 [4 8]]

2025-11-11 01:25:43,298 - ==> Best [Top1: 68.421   Params: 57776 on epoch: 32]
2025-11-11 01:25:43,299 - Saving checkpoint to: logs\2025.11.11-003449\qat_checkpoint.pth.tar
2025-11-11 01:25:43,315 - 

2025-11-11 01:25:43,316 - Training epoch: 171 samples (256 per mini-batch, world size: 1)
2025-11-11 01:26:34,325 - Epoch: [36][    1/    1]    Overall Loss 0.989967    Objective Loss 0.989967    Top1 57.309942    LR 0.000050    Time 51.008721    
2025-11-11 01:26:35,849 - --- validate (epoch=36)-----------
2025-11-11 01:26:35,851 - 19 samples (256 per mini-batch)
2025-11-11 01:27:19,697 - Epoch: [36][    1/    1]    Loss 0.782361    Top1 68.421053    
2025-11-11 01:27:21,386 - ==> Top1: 68.421    Loss: 0.782

2025-11-11 01:27:21,386 - ==> Confusion:
[[5 2]
 [4 8]]

2025-11-11 01:27:21,481 - ==> Best [Top1: 68.421   Params: 57776 on epoch: 36]
2025-11-11 01:27:21,481 - Saving checkpoint to: logs\2025.11.11-003449\qat_checkpoint.pth.tar
2025-11-11 01:27:21,517 - 

2025-11-11 01:27:21,517 - Training epoch: 171 samples (256 per mini-batch, world size: 1)
2025-11-11 01:28:08,709 - Epoch: [37][    1/    1]    Overall Loss 0.926781    Objective Loss 0.926781    Top1 64.327485    LR 0.000050    Time 47.191585    
2025-11-11 01:28:10,094 - --- validate (epoch=37)-----------
2025-11-11 01:28:10,095 - 19 samples (256 per mini-batch)
2025-11-11 01:28:52,422 - Epoch: [37][    1/    1]    Loss 0.732201    Top1 68.421053    
2025-11-11 01:28:54,163 - ==> Top1: 68.421    Loss: 0.732

2025-11-11 01:28:54,164 - ==> Confusion:
[[ 3  4]
 [ 2 10]]

2025-11-11 01:28:54,253 - ==> Best [Top1: 68.421   Params: 57776 on epoch: 37]
2025-11-11 01:28:54,253 - Saving checkpoint to: logs\2025.11.11-003449\qat_checkpoint.pth.tar
2025-11-11 01:28:54,295 - 

2025-11-11 01:28:54,295 - Training epoch: 171 samples (256 per mini-batch, world size: 1)
2025-11-11 01:29:36,884 - Epoch: [38][    1/    1]    Overall Loss 0.985686    Objective Loss 0.985686    Top1 60.233918    LR 0.000050    Time 42.587705    
2025-11-11 01:29:38,101 - --- validate (epoch=38)-----------
2025-11-11 01:29:38,102 - 19 samples (256 per mini-batch)
2025-11-11 01:30:18,942 - Epoch: [38][    1/    1]    Loss 0.911633    Top1 57.894737    
2025-11-11 01:30:20,500 - ==> Top1: 57.895    Loss: 0.912

2025-11-11 01:30:20,501 - ==> Confusion:
[[3 4]
 [4 8]]

2025-11-11 01:30:20,567 - ==> Best [Top1: 68.421   Params: 57776 on epoch: 37]
2025-11-11 01:30:20,568 - Saving checkpoint to: logs\2025.11.11-003449\qat_checkpoint.pth.tar
2025-11-11 01:30:20,575 - 

2025-11-11 01:30:20,575 - Training epoch: 171 samples (256 per mini-batch, world size: 1)
2025-11-11 01:31:02,640 - Epoch: [39][    1/    1]    Overall Loss 0.797634    Objective Loss 0.797634    Top1 65.497076    LR 0.000050    Time 42.064308    
2025-11-11 01:31:03,975 - --- validate (epoch=39)-----------
2025-11-11 01:31:03,976 - 19 samples (256 per mini-batch)
2025-11-11 01:31:49,193 - Epoch: [39][    1/    1]    Loss 0.932091    Top1 57.894737    
2025-11-11 01:31:51,139 - ==> Top1: 57.895    Loss: 0.932

2025-11-11 01:31:51,139 - ==> Confusion:
[[3 4]
 [4 8]]

2025-11-11 01:31:51,235 - ==> Best [Top1: 68.421   Params: 57776 on epoch: 37]
2025-11-11 01:31:51,235 - Saving checkpoint to: logs\2025.11.11-003449\qat_checkpoint.pth.tar
2025-11-11 01:31:51,254 - 

2025-11-11 01:31:51,255 - Training epoch: 171 samples (256 per mini-batch, world size: 1)
2025-11-11 01:32:35,218 - Epoch: [40][    1/    1]    Overall Loss 0.862782    Objective Loss 0.862782    Top1 67.836257    LR 0.000050    Time 43.962631    
2025-11-11 01:32:36,357 - --- validate (epoch=40)-----------
2025-11-11 01:32:36,357 - 19 samples (256 per mini-batch)
2025-11-11 01:33:17,772 - Epoch: [40][    1/    1]    Loss 0.868301    Top1 73.684211    
2025-11-11 01:33:19,381 - ==> Top1: 73.684    Loss: 0.868

2025-11-11 01:33:19,382 - ==> Confusion:
[[ 4  3]
 [ 2 10]]

2025-11-11 01:33:19,469 - ==> Best [Top1: 73.684   Params: 57776 on epoch: 40]
2025-11-11 01:33:19,470 - Saving checkpoint to: logs\2025.11.11-003449\qat_checkpoint.pth.tar
2025-11-11 01:33:19,514 - 

2025-11-11 01:33:19,515 - Training epoch: 171 samples (256 per mini-batch, world size: 1)
2025-11-11 01:34:03,987 - Epoch: [41][    1/    1]    Overall Loss 0.854002    Objective Loss 0.854002    Top1 64.912281    LR 0.000050    Time 44.472252    
2025-11-11 01:34:05,226 - --- validate (epoch=41)-----------
2025-11-11 01:34:05,227 - 19 samples (256 per mini-batch)
2025-11-11 01:34:47,213 - Epoch: [41][    1/    1]    Loss 0.781661    Top1 68.421053    
2025-11-11 01:34:48,863 - ==> Top1: 68.421    Loss: 0.782

2025-11-11 01:34:48,863 - ==> Confusion:
[[4 3]
 [3 9]]

2025-11-11 01:34:48,961 - ==> Best [Top1: 73.684   Params: 57776 on epoch: 40]
2025-11-11 01:34:48,961 - Saving checkpoint to: logs\2025.11.11-003449\qat_checkpoint.pth.tar
2025-11-11 01:34:48,978 - 

2025-11-11 01:34:48,978 - Training epoch: 171 samples (256 per mini-batch, world size: 1)
2025-11-11 01:35:35,357 - Epoch: [42][    1/    1]    Overall Loss 0.851087    Objective Loss 0.851087    Top1 61.403509    LR 0.000050    Time 46.377594    
2025-11-11 01:35:36,765 - --- validate (epoch=42)-----------
2025-11-11 01:35:36,765 - 19 samples (256 per mini-batch)
2025-11-11 01:36:18,760 - Epoch: [42][    1/    1]    Loss 0.635076    Top1 73.684211    
2025-11-11 01:36:20,432 - ==> Top1: 73.684    Loss: 0.635

2025-11-11 01:36:20,432 - ==> Confusion:
[[ 4  3]
 [ 2 10]]

2025-11-11 01:36:20,529 - ==> Best [Top1: 73.684   Params: 57776 on epoch: 42]
2025-11-11 01:36:20,530 - Saving checkpoint to: logs\2025.11.11-003449\qat_checkpoint.pth.tar
2025-11-11 01:36:20,574 - 

2025-11-11 01:36:20,574 - Training epoch: 171 samples (256 per mini-batch, world size: 1)
2025-11-11 01:37:07,328 - Epoch: [43][    1/    1]    Overall Loss 0.791401    Objective Loss 0.791401    Top1 60.818713    LR 0.000050    Time 46.753073    
2025-11-11 01:37:08,581 - --- validate (epoch=43)-----------
2025-11-11 01:37:08,581 - 19 samples (256 per mini-batch)
2025-11-11 01:37:49,474 - Epoch: [43][    1/    1]    Loss 0.471779    Top1 78.947368    
2025-11-11 01:37:51,109 - ==> Top1: 78.947    Loss: 0.472

2025-11-11 01:37:51,109 - ==> Confusion:
[[ 5  2]
 [ 2 10]]

2025-11-11 01:37:51,167 - ==> Best [Top1: 78.947   Params: 57776 on epoch: 43]
2025-11-11 01:37:51,167 - Saving checkpoint to: logs\2025.11.11-003449\qat_checkpoint.pth.tar
2025-11-11 01:37:51,206 - 

2025-11-11 01:37:51,210 - Training epoch: 171 samples (256 per mini-batch, world size: 1)
2025-11-11 01:38:37,293 - Epoch: [44][    1/    1]    Overall Loss 0.750160    Objective Loss 0.750160    Top1 64.912281    LR 0.000050    Time 46.081392    
2025-11-11 01:38:38,487 - --- validate (epoch=44)-----------
2025-11-11 01:38:38,489 - 19 samples (256 per mini-batch)
2025-11-11 01:39:21,679 - Epoch: [44][    1/    1]    Loss 0.760710    Top1 63.157895    
2025-11-11 01:39:23,331 - ==> Top1: 63.158    Loss: 0.761

2025-11-11 01:39:23,333 - ==> Confusion:
[[5 2]
 [5 7]]

2025-11-11 01:39:23,393 - ==> Best [Top1: 78.947   Params: 57776 on epoch: 43]
2025-11-11 01:39:23,394 - Saving checkpoint to: logs\2025.11.11-003449\qat_checkpoint.pth.tar
2025-11-11 01:39:23,413 - 

2025-11-11 01:39:23,413 - Training epoch: 171 samples (256 per mini-batch, world size: 1)
2025-11-11 01:40:07,269 - Epoch: [45][    1/    1]    Overall Loss 0.771013    Objective Loss 0.771013    Top1 64.912281    LR 0.000050    Time 43.855295    
2025-11-11 01:40:08,515 - --- validate (epoch=45)-----------
2025-11-11 01:40:08,516 - 19 samples (256 per mini-batch)
2025-11-11 01:40:48,782 - Epoch: [45][    1/    1]    Loss 0.539610    Top1 68.421053    
2025-11-11 01:40:50,402 - ==> Top1: 68.421    Loss: 0.540

2025-11-11 01:40:50,402 - ==> Confusion:
[[ 3  4]
 [ 2 10]]

2025-11-11 01:40:50,481 - ==> Best [Top1: 78.947   Params: 57776 on epoch: 43]
2025-11-11 01:40:50,481 - Saving checkpoint to: logs\2025.11.11-003449\qat_checkpoint.pth.tar
2025-11-11 01:40:50,496 - 

2025-11-11 01:40:50,497 - Training epoch: 171 samples (256 per mini-batch, world size: 1)
2025-11-11 01:41:32,449 - Epoch: [46][    1/    1]    Overall Loss 0.792860    Objective Loss 0.792860    Top1 63.742690    LR 0.000050    Time 41.950717    
2025-11-11 01:41:33,789 - --- validate (epoch=46)-----------
2025-11-11 01:41:33,789 - 19 samples (256 per mini-batch)
2025-11-11 01:42:13,728 - Epoch: [46][    1/    1]    Loss 0.676399    Top1 63.157895    
2025-11-11 01:42:15,373 - ==> Top1: 63.158    Loss: 0.676

2025-11-11 01:42:15,373 - ==> Confusion:
[[4 3]
 [4 8]]

2025-11-11 01:42:15,451 - ==> Best [Top1: 78.947   Params: 57776 on epoch: 43]
2025-11-11 01:42:15,451 - Saving checkpoint to: logs\2025.11.11-003449\qat_checkpoint.pth.tar
2025-11-11 01:42:15,462 - 

2025-11-11 01:42:15,463 - Training epoch: 171 samples (256 per mini-batch, world size: 1)
2025-11-11 01:42:48,626 - Epoch: [47][    1/    1]    Overall Loss 0.742331    Objective Loss 0.742331    Top1 62.573099    LR 0.000050    Time 33.162978    
2025-11-11 01:42:49,940 - --- validate (epoch=47)-----------
2025-11-11 01:42:49,940 - 19 samples (256 per mini-batch)
2025-11-11 01:43:33,489 - Epoch: [47][    1/    1]    Loss 0.664117    Top1 63.157895    
2025-11-11 01:43:35,601 - ==> Top1: 63.158    Loss: 0.664

2025-11-11 01:43:35,601 - ==> Confusion:
[[5 2]
 [5 7]]

2025-11-11 01:43:35,687 - ==> Best [Top1: 78.947   Params: 57776 on epoch: 43]
2025-11-11 01:43:35,688 - Saving checkpoint to: logs\2025.11.11-003449\qat_checkpoint.pth.tar
2025-11-11 01:43:35,705 - 

2025-11-11 01:43:35,707 - Training epoch: 171 samples (256 per mini-batch, world size: 1)
2025-11-11 01:44:19,212 - Epoch: [48][    1/    1]    Overall Loss 0.723120    Objective Loss 0.723120    Top1 67.251462    LR 0.000050    Time 43.504807    
2025-11-11 01:44:20,384 - --- validate (epoch=48)-----------
2025-11-11 01:44:20,384 - 19 samples (256 per mini-batch)
2025-11-11 01:44:59,850 - Epoch: [48][    1/    1]    Loss 0.723959    Top1 68.421053    
2025-11-11 01:45:01,750 - ==> Top1: 68.421    Loss: 0.724

2025-11-11 01:45:01,750 - ==> Confusion:
[[5 2]
 [4 8]]

2025-11-11 01:45:01,827 - ==> Best [Top1: 78.947   Params: 57776 on epoch: 43]
2025-11-11 01:45:01,833 - Saving checkpoint to: logs\2025.11.11-003449\qat_checkpoint.pth.tar
2025-11-11 01:45:01,845 - 

2025-11-11 01:45:01,857 - Training epoch: 171 samples (256 per mini-batch, world size: 1)
2025-11-11 01:45:45,376 - Epoch: [49][    1/    1]    Overall Loss 0.698208    Objective Loss 0.698208    Top1 65.497076    LR 0.000050    Time 43.511946    
2025-11-11 01:45:46,536 - --- validate (epoch=49)-----------
2025-11-11 01:45:46,537 - 19 samples (256 per mini-batch)
2025-11-11 01:46:25,575 - Epoch: [49][    1/    1]    Loss 0.767326    Top1 57.894737    
2025-11-11 01:46:27,131 - ==> Top1: 57.895    Loss: 0.767

2025-11-11 01:46:27,132 - ==> Confusion:
[[5 2]
 [6 6]]

2025-11-11 01:46:27,197 - ==> Best [Top1: 78.947   Params: 57776 on epoch: 43]
2025-11-11 01:46:27,198 - Saving checkpoint to: logs\2025.11.11-003449\qat_checkpoint.pth.tar
2025-11-11 01:46:27,211 - 

2025-11-11 01:46:27,211 - Training epoch: 171 samples (256 per mini-batch, world size: 1)
2025-11-11 01:47:07,553 - Epoch: [50][    1/    1]    Overall Loss 0.755566    Objective Loss 0.755566    Top1 60.818713    LR 0.000025    Time 40.341323    
2025-11-11 01:47:08,735 - --- validate (epoch=50)-----------
2025-11-11 01:47:08,735 - 19 samples (256 per mini-batch)
2025-11-11 01:47:46,919 - Epoch: [50][    1/    1]    Loss 0.709861    Top1 57.894737    
2025-11-11 01:47:48,521 - ==> Top1: 57.895    Loss: 0.710

2025-11-11 01:47:48,521 - ==> Confusion:
[[4 3]
 [5 7]]

2025-11-11 01:47:48,608 - ==> Best [Top1: 78.947   Params: 57776 on epoch: 43]
2025-11-11 01:47:48,609 - Saving checkpoint to: logs\2025.11.11-003449\qat_checkpoint.pth.tar
2025-11-11 01:47:48,625 - 

2025-11-11 01:47:48,626 - Training epoch: 171 samples (256 per mini-batch, world size: 1)
2025-11-11 01:48:27,906 - Epoch: [51][    1/    1]    Overall Loss 0.665828    Objective Loss 0.665828    Top1 66.666667    LR 0.000025    Time 39.279819    
2025-11-11 01:48:29,055 - --- validate (epoch=51)-----------
2025-11-11 01:48:29,055 - 19 samples (256 per mini-batch)
2025-11-11 01:49:08,153 - Epoch: [51][    1/    1]    Loss 0.585977    Top1 73.684211    
2025-11-11 01:49:09,821 - ==> Top1: 73.684    Loss: 0.586

2025-11-11 01:49:09,822 - ==> Confusion:
[[5 2]
 [3 9]]

2025-11-11 01:49:09,900 - ==> Best [Top1: 78.947   Params: 57776 on epoch: 43]
2025-11-11 01:49:09,900 - Saving checkpoint to: logs\2025.11.11-003449\qat_checkpoint.pth.tar
2025-11-11 01:49:09,913 - 

2025-11-11 01:49:09,915 - Training epoch: 171 samples (256 per mini-batch, world size: 1)
2025-11-11 01:49:52,295 - Epoch: [52][    1/    1]    Overall Loss 0.692413    Objective Loss 0.692413    Top1 63.742690    LR 0.000025    Time 42.380257    
2025-11-11 01:49:53,448 - --- validate (epoch=52)-----------
2025-11-11 01:49:53,448 - 19 samples (256 per mini-batch)
2025-11-11 01:50:33,423 - Epoch: [52][    1/    1]    Loss 0.833959    Top1 52.631579    
2025-11-11 01:50:35,491 - ==> Top1: 52.632    Loss: 0.834

2025-11-11 01:50:35,492 - ==> Confusion:
[[5 2]
 [7 5]]

2025-11-11 01:50:35,577 - ==> Best [Top1: 78.947   Params: 57776 on epoch: 43]
2025-11-11 01:50:35,577 - Saving checkpoint to: logs\2025.11.11-003449\qat_checkpoint.pth.tar
2025-11-11 01:50:35,598 - 

2025-11-11 01:50:35,598 - Training epoch: 171 samples (256 per mini-batch, world size: 1)
2025-11-11 01:51:24,668 - Epoch: [53][    1/    1]    Overall Loss 0.658406    Objective Loss 0.658406    Top1 67.836257    LR 0.000025    Time 49.068630    
2025-11-11 01:51:25,986 - --- validate (epoch=53)-----------
2025-11-11 01:51:25,988 - 19 samples (256 per mini-batch)
2025-11-11 01:52:13,387 - Epoch: [53][    1/    1]    Loss 0.521013    Top1 73.684211    
2025-11-11 01:52:15,786 - ==> Top1: 73.684    Loss: 0.521

2025-11-11 01:52:15,786 - ==> Confusion:
[[ 2  5]
 [ 0 12]]

2025-11-11 01:52:15,855 - ==> Best [Top1: 78.947   Params: 57776 on epoch: 43]
2025-11-11 01:52:15,855 - Saving checkpoint to: logs\2025.11.11-003449\qat_checkpoint.pth.tar
2025-11-11 01:52:15,870 - 

2025-11-11 01:52:15,870 - Training epoch: 171 samples (256 per mini-batch, world size: 1)
2025-11-11 01:52:57,845 - Epoch: [54][    1/    1]    Overall Loss 0.667953    Objective Loss 0.667953    Top1 67.836257    LR 0.000025    Time 41.974145    
2025-11-11 01:52:59,049 - --- validate (epoch=54)-----------
2025-11-11 01:52:59,049 - 19 samples (256 per mini-batch)
2025-11-11 01:53:36,914 - Epoch: [54][    1/    1]    Loss 0.715537    Top1 73.684211    
2025-11-11 01:53:38,490 - ==> Top1: 73.684    Loss: 0.716

2025-11-11 01:53:38,492 - ==> Confusion:
[[ 4  3]
 [ 2 10]]

2025-11-11 01:53:38,561 - ==> Best [Top1: 78.947   Params: 57776 on epoch: 43]
2025-11-11 01:53:38,562 - Saving checkpoint to: logs\2025.11.11-003449\qat_checkpoint.pth.tar
2025-11-11 01:53:38,573 - 

2025-11-11 01:53:38,573 - Training epoch: 171 samples (256 per mini-batch, world size: 1)
2025-11-11 01:54:20,206 - Epoch: [55][    1/    1]    Overall Loss 0.641692    Objective Loss 0.641692    Top1 61.988304    LR 0.000025    Time 41.632585    
2025-11-11 01:54:21,428 - --- validate (epoch=55)-----------
2025-11-11 01:54:21,428 - 19 samples (256 per mini-batch)
2025-11-11 01:55:02,408 - Epoch: [55][    1/    1]    Loss 0.933464    Top1 42.105263    
2025-11-11 01:55:04,145 - ==> Top1: 42.105    Loss: 0.933

2025-11-11 01:55:04,145 - ==> Confusion:
[[2 5]
 [6 6]]

2025-11-11 01:55:04,232 - ==> Best [Top1: 78.947   Params: 57776 on epoch: 43]
2025-11-11 01:55:04,232 - Saving checkpoint to: logs\2025.11.11-003449\qat_checkpoint.pth.tar
2025-11-11 01:55:04,253 - 

2025-11-11 01:55:04,253 - Training epoch: 171 samples (256 per mini-batch, world size: 1)
2025-11-11 01:55:51,173 - Epoch: [56][    1/    1]    Overall Loss 0.723463    Objective Loss 0.723463    Top1 63.157895    LR 0.000025    Time 46.918723    
2025-11-11 01:55:52,493 - --- validate (epoch=56)-----------
2025-11-11 01:55:52,494 - 19 samples (256 per mini-batch)
2025-11-11 01:56:37,859 - Epoch: [56][    1/    1]    Loss 0.704344    Top1 52.631579    
2025-11-11 01:56:40,484 - ==> Top1: 52.632    Loss: 0.704

2025-11-11 01:56:40,484 - ==> Confusion:
[[4 3]
 [6 6]]

2025-11-11 01:56:40,572 - ==> Best [Top1: 78.947   Params: 57776 on epoch: 43]
2025-11-11 01:56:40,573 - Saving checkpoint to: logs\2025.11.11-003449\qat_checkpoint.pth.tar
2025-11-11 01:56:40,591 - 

2025-11-11 01:56:40,592 - Training epoch: 171 samples (256 per mini-batch, world size: 1)
2025-11-11 01:57:23,341 - Epoch: [57][    1/    1]    Overall Loss 0.745706    Objective Loss 0.745706    Top1 60.233918    LR 0.000025    Time 42.749079    
2025-11-11 01:57:24,610 - --- validate (epoch=57)-----------
2025-11-11 01:57:24,610 - 19 samples (256 per mini-batch)
2025-11-11 01:57:58,410 - Epoch: [57][    1/    1]    Loss 0.712285    Top1 52.631579    
2025-11-11 01:57:59,929 - ==> Top1: 52.632    Loss: 0.712

2025-11-11 01:57:59,929 - ==> Confusion:
[[4 3]
 [6 6]]

2025-11-11 01:57:59,993 - ==> Best [Top1: 78.947   Params: 57776 on epoch: 43]
2025-11-11 01:57:59,993 - Saving checkpoint to: logs\2025.11.11-003449\qat_checkpoint.pth.tar
2025-11-11 01:58:00,004 - 

2025-11-11 01:58:00,005 - Training epoch: 171 samples (256 per mini-batch, world size: 1)
2025-11-11 01:58:41,121 - Epoch: [58][    1/    1]    Overall Loss 0.754230    Objective Loss 0.754230    Top1 60.818713    LR 0.000025    Time 41.116215    
2025-11-11 01:58:42,312 - --- validate (epoch=58)-----------
2025-11-11 01:58:42,312 - 19 samples (256 per mini-batch)
2025-11-11 01:59:21,082 - Epoch: [58][    1/    1]    Loss 0.699039    Top1 63.157895    
2025-11-11 01:59:22,765 - ==> Top1: 63.158    Loss: 0.699

2025-11-11 01:59:22,766 - ==> Confusion:
[[4 3]
 [4 8]]

2025-11-11 01:59:22,839 - ==> Best [Top1: 78.947   Params: 57776 on epoch: 43]
2025-11-11 01:59:22,839 - Saving checkpoint to: logs\2025.11.11-003449\qat_checkpoint.pth.tar
2025-11-11 01:59:22,855 - 

2025-11-11 01:59:22,855 - Training epoch: 171 samples (256 per mini-batch, world size: 1)
2025-11-11 02:00:04,282 - Epoch: [59][    1/    1]    Overall Loss 0.677372    Objective Loss 0.677372    Top1 66.666667    LR 0.000025    Time 41.425898    
2025-11-11 02:00:05,413 - --- validate (epoch=59)-----------
2025-11-11 02:00:05,413 - 19 samples (256 per mini-batch)
2025-11-11 02:00:43,142 - Epoch: [59][    1/    1]    Loss 0.825343    Top1 52.631579    
2025-11-11 02:00:44,738 - ==> Top1: 52.632    Loss: 0.825

2025-11-11 02:00:44,738 - ==> Confusion:
[[3 4]
 [5 7]]

2025-11-11 02:00:44,802 - ==> Best [Top1: 78.947   Params: 57776 on epoch: 43]
2025-11-11 02:00:44,802 - Saving checkpoint to: logs\2025.11.11-003449\qat_checkpoint.pth.tar
2025-11-11 02:00:44,816 - 

2025-11-11 02:00:44,816 - Training epoch: 171 samples (256 per mini-batch, world size: 1)
2025-11-11 02:01:25,480 - Epoch: [60][    1/    1]    Overall Loss 0.675503    Objective Loss 0.675503    Top1 66.081871    LR 0.000025    Time 40.663279    
2025-11-11 02:01:26,663 - --- validate (epoch=60)-----------
2025-11-11 02:01:26,663 - 19 samples (256 per mini-batch)
2025-11-11 02:02:05,204 - Epoch: [60][    1/    1]    Loss 0.810498    Top1 52.631579    
2025-11-11 02:02:06,827 - ==> Top1: 52.632    Loss: 0.810

2025-11-11 02:02:06,827 - ==> Confusion:
[[3 4]
 [5 7]]

2025-11-11 02:02:06,893 - ==> Best [Top1: 78.947   Params: 57776 on epoch: 43]
2025-11-11 02:02:06,894 - Saving checkpoint to: logs\2025.11.11-003449\qat_checkpoint.pth.tar
2025-11-11 02:02:06,909 - 

2025-11-11 02:02:06,910 - Training epoch: 171 samples (256 per mini-batch, world size: 1)
2025-11-11 02:02:47,453 - Epoch: [61][    1/    1]    Overall Loss 0.653646    Objective Loss 0.653646    Top1 67.251462    LR 0.000025    Time 40.542331    
2025-11-11 02:02:48,644 - --- validate (epoch=61)-----------
2025-11-11 02:02:48,645 - 19 samples (256 per mini-batch)
2025-11-11 02:03:22,707 - Epoch: [61][    1/    1]    Loss 0.530996    Top1 68.421053    
2025-11-11 02:03:24,201 - ==> Top1: 68.421    Loss: 0.531

2025-11-11 02:03:24,201 - ==> Confusion:
[[6 1]
 [5 7]]

2025-11-11 02:03:24,273 - ==> Best [Top1: 78.947   Params: 57776 on epoch: 43]
2025-11-11 02:03:24,274 - Saving checkpoint to: logs\2025.11.11-003449\qat_checkpoint.pth.tar
2025-11-11 02:03:24,283 - 

2025-11-11 02:03:24,283 - Training epoch: 171 samples (256 per mini-batch, world size: 1)
2025-11-11 02:04:05,606 - Epoch: [62][    1/    1]    Overall Loss 0.709700    Objective Loss 0.709700    Top1 66.666667    LR 0.000025    Time 41.322529    
2025-11-11 02:04:06,739 - --- validate (epoch=62)-----------
2025-11-11 02:04:06,739 - 19 samples (256 per mini-batch)
2025-11-11 02:04:44,214 - Epoch: [62][    1/    1]    Loss 0.754529    Top1 63.157895    
2025-11-11 02:04:45,727 - ==> Top1: 63.158    Loss: 0.755

2025-11-11 02:04:45,727 - ==> Confusion:
[[3 4]
 [3 9]]

2025-11-11 02:04:45,796 - ==> Best [Top1: 78.947   Params: 57776 on epoch: 43]
2025-11-11 02:04:45,796 - Saving checkpoint to: logs\2025.11.11-003449\qat_checkpoint.pth.tar
2025-11-11 02:04:45,811 - 

2025-11-11 02:04:45,811 - Training epoch: 171 samples (256 per mini-batch, world size: 1)
2025-11-11 02:05:25,794 - Epoch: [63][    1/    1]    Overall Loss 0.630258    Objective Loss 0.630258    Top1 63.742690    LR 0.000025    Time 39.982625    
2025-11-11 02:05:26,953 - --- validate (epoch=63)-----------
2025-11-11 02:05:26,954 - 19 samples (256 per mini-batch)
2025-11-11 02:06:06,127 - Epoch: [63][    1/    1]    Loss 0.904875    Top1 47.368421    
2025-11-11 02:06:07,837 - ==> Top1: 47.368    Loss: 0.905

2025-11-11 02:06:07,838 - ==> Confusion:
[[3 4]
 [6 6]]

2025-11-11 02:06:07,909 - ==> Best [Top1: 78.947   Params: 57776 on epoch: 43]
2025-11-11 02:06:07,909 - Saving checkpoint to: logs\2025.11.11-003449\qat_checkpoint.pth.tar
2025-11-11 02:06:07,917 - 

2025-11-11 02:06:07,917 - Training epoch: 171 samples (256 per mini-batch, world size: 1)
2025-11-11 02:06:50,983 - Epoch: [64][    1/    1]    Overall Loss 0.673138    Objective Loss 0.673138    Top1 63.742690    LR 0.000025    Time 43.065752    
2025-11-11 02:06:52,162 - --- validate (epoch=64)-----------
2025-11-11 02:06:52,162 - 19 samples (256 per mini-batch)
2025-11-11 02:07:33,358 - Epoch: [64][    1/    1]    Loss 0.701354    Top1 68.421053    
2025-11-11 02:07:34,971 - ==> Top1: 68.421    Loss: 0.701

2025-11-11 02:07:34,971 - ==> Confusion:
[[5 2]
 [4 8]]

2025-11-11 02:07:35,041 - ==> Best [Top1: 78.947   Params: 57776 on epoch: 43]
2025-11-11 02:07:35,042 - Saving checkpoint to: logs\2025.11.11-003449\qat_checkpoint.pth.tar
2025-11-11 02:07:35,056 - 

2025-11-11 02:07:35,056 - Training epoch: 171 samples (256 per mini-batch, world size: 1)
2025-11-11 02:08:20,149 - Epoch: [65][    1/    1]    Overall Loss 0.647836    Objective Loss 0.647836    Top1 68.421053    LR 0.000025    Time 45.092131    
2025-11-11 02:08:21,544 - --- validate (epoch=65)-----------
2025-11-11 02:08:21,547 - 19 samples (256 per mini-batch)
2025-11-11 02:09:04,026 - Epoch: [65][    1/    1]    Loss 0.447187    Top1 73.684211    
2025-11-11 02:09:05,643 - ==> Top1: 73.684    Loss: 0.447

2025-11-11 02:09:05,644 - ==> Confusion:
[[7 0]
 [5 7]]

2025-11-11 02:09:05,721 - ==> Best [Top1: 78.947   Params: 57776 on epoch: 43]
2025-11-11 02:09:05,721 - Saving checkpoint to: logs\2025.11.11-003449\qat_checkpoint.pth.tar
2025-11-11 02:09:05,733 - 

2025-11-11 02:09:05,734 - Training epoch: 171 samples (256 per mini-batch, world size: 1)
2025-11-11 02:09:50,509 - Epoch: [66][    1/    1]    Overall Loss 0.671121    Objective Loss 0.671121    Top1 66.666667    LR 0.000025    Time 44.775718    
2025-11-11 02:09:51,687 - --- validate (epoch=66)-----------
2025-11-11 02:09:51,689 - 19 samples (256 per mini-batch)
2025-11-11 02:10:35,615 - Epoch: [66][    1/    1]    Loss 0.764673    Top1 68.421053    
2025-11-11 02:10:37,788 - ==> Top1: 68.421    Loss: 0.765

2025-11-11 02:10:37,789 - ==> Confusion:
[[7 0]
 [6 6]]

2025-11-11 02:10:37,895 - ==> Best [Top1: 78.947   Params: 57776 on epoch: 43]
2025-11-11 02:10:37,895 - Saving checkpoint to: logs\2025.11.11-003449\qat_checkpoint.pth.tar
2025-11-11 02:10:37,912 - 

2025-11-11 02:10:37,913 - Training epoch: 171 samples (256 per mini-batch, world size: 1)
2025-11-11 02:11:23,468 - Epoch: [67][    1/    1]    Overall Loss 0.683671    Objective Loss 0.683671    Top1 61.988304    LR 0.000025    Time 45.555030    
2025-11-11 02:11:24,828 - --- validate (epoch=67)-----------
2025-11-11 02:11:24,830 - 19 samples (256 per mini-batch)
2025-11-11 02:12:08,950 - Epoch: [67][    1/    1]    Loss 0.943879    Top1 36.842105    
2025-11-11 02:12:10,992 - ==> Top1: 36.842    Loss: 0.944

2025-11-11 02:12:10,993 - ==> Confusion:
[[2 5]
 [7 5]]

2025-11-11 02:12:11,098 - ==> Best [Top1: 78.947   Params: 57776 on epoch: 43]
2025-11-11 02:12:11,099 - Saving checkpoint to: logs\2025.11.11-003449\qat_checkpoint.pth.tar
2025-11-11 02:12:11,114 - 

2025-11-11 02:12:11,114 - Training epoch: 171 samples (256 per mini-batch, world size: 1)
2025-11-11 02:12:59,843 - Epoch: [68][    1/    1]    Overall Loss 0.678502    Objective Loss 0.678502    Top1 61.403509    LR 0.000025    Time 48.726976    
2025-11-11 02:13:01,096 - --- validate (epoch=68)-----------
2025-11-11 02:13:01,096 - 19 samples (256 per mini-batch)
2025-11-11 02:13:43,256 - Epoch: [68][    1/    1]    Loss 0.763273    Top1 57.894737    
2025-11-11 02:13:45,052 - ==> Top1: 57.895    Loss: 0.763

2025-11-11 02:13:45,054 - ==> Confusion:
[[3 4]
 [4 8]]

2025-11-11 02:13:45,131 - ==> Best [Top1: 78.947   Params: 57776 on epoch: 43]
2025-11-11 02:13:45,132 - Saving checkpoint to: logs\2025.11.11-003449\qat_checkpoint.pth.tar
2025-11-11 02:13:45,150 - 

2025-11-11 02:13:45,150 - Training epoch: 171 samples (256 per mini-batch, world size: 1)
2025-11-11 02:14:31,008 - Epoch: [69][    1/    1]    Overall Loss 0.687426    Objective Loss 0.687426    Top1 61.988304    LR 0.000025    Time 45.856804    
2025-11-11 02:14:32,203 - --- validate (epoch=69)-----------
2025-11-11 02:14:32,203 - 19 samples (256 per mini-batch)
2025-11-11 02:15:14,635 - Epoch: [69][    1/    1]    Loss 0.772362    Top1 52.631579    
2025-11-11 02:15:16,581 - ==> Top1: 52.632    Loss: 0.772

2025-11-11 02:15:16,582 - ==> Confusion:
[[3 4]
 [5 7]]

2025-11-11 02:15:16,673 - ==> Best [Top1: 78.947   Params: 57776 on epoch: 43]
2025-11-11 02:15:16,676 - Saving checkpoint to: logs\2025.11.11-003449\qat_checkpoint.pth.tar
2025-11-11 02:15:16,700 - 

2025-11-11 02:15:16,701 - Training epoch: 171 samples (256 per mini-batch, world size: 1)
2025-11-11 02:16:04,789 - Epoch: [70][    1/    1]    Overall Loss 0.602747    Objective Loss 0.602747    Top1 68.421053    LR 0.000025    Time 48.088778    
2025-11-11 02:16:06,214 - --- validate (epoch=70)-----------
2025-11-11 02:16:06,214 - 19 samples (256 per mini-batch)
2025-11-11 02:16:52,579 - Epoch: [70][    1/    1]    Loss 0.875575    Top1 52.631579    
2025-11-11 02:16:54,538 - ==> Top1: 52.632    Loss: 0.876

2025-11-11 02:16:54,539 - ==> Confusion:
[[5 2]
 [7 5]]

2025-11-11 02:16:54,630 - ==> Best [Top1: 78.947   Params: 57776 on epoch: 43]
2025-11-11 02:16:54,632 - Saving checkpoint to: logs\2025.11.11-003449\qat_checkpoint.pth.tar
2025-11-11 02:16:54,650 - 

2025-11-11 02:16:54,650 - Training epoch: 171 samples (256 per mini-batch, world size: 1)
2025-11-11 02:17:39,564 - Epoch: [71][    1/    1]    Overall Loss 0.617172    Objective Loss 0.617172    Top1 65.497076    LR 0.000025    Time 44.913592    
2025-11-11 02:17:40,892 - --- validate (epoch=71)-----------
2025-11-11 02:17:40,893 - 19 samples (256 per mini-batch)
2025-11-11 02:18:25,882 - Epoch: [71][    1/    1]    Loss 0.741508    Top1 57.894737    
2025-11-11 02:18:27,638 - ==> Top1: 57.895    Loss: 0.742

2025-11-11 02:18:27,639 - ==> Confusion:
[[5 2]
 [6 6]]

2025-11-11 02:18:27,740 - ==> Best [Top1: 78.947   Params: 57776 on epoch: 43]
2025-11-11 02:18:27,741 - Saving checkpoint to: logs\2025.11.11-003449\qat_checkpoint.pth.tar
2025-11-11 02:18:27,757 - 

2025-11-11 02:18:27,758 - Training epoch: 171 samples (256 per mini-batch, world size: 1)
2025-11-11 02:19:11,542 - Epoch: [72][    1/    1]    Overall Loss 0.630745    Objective Loss 0.630745    Top1 64.912281    LR 0.000025    Time 43.782678    
2025-11-11 02:19:12,713 - --- validate (epoch=72)-----------
2025-11-11 02:19:12,713 - 19 samples (256 per mini-batch)
2025-11-11 02:19:56,794 - Epoch: [72][    1/    1]    Loss 0.719648    Top1 63.157895    
2025-11-11 02:19:58,492 - ==> Top1: 63.158    Loss: 0.720

2025-11-11 02:19:58,493 - ==> Confusion:
[[4 3]
 [4 8]]

2025-11-11 02:19:58,555 - ==> Best [Top1: 78.947   Params: 57776 on epoch: 43]
2025-11-11 02:19:58,555 - Saving checkpoint to: logs\2025.11.11-003449\qat_checkpoint.pth.tar
2025-11-11 02:19:58,572 - 

2025-11-11 02:19:58,572 - Training epoch: 171 samples (256 per mini-batch, world size: 1)
2025-11-11 02:20:43,120 - Epoch: [73][    1/    1]    Overall Loss 0.676524    Objective Loss 0.676524    Top1 66.081871    LR 0.000025    Time 44.547402    
2025-11-11 02:20:44,389 - --- validate (epoch=73)-----------
2025-11-11 02:20:44,389 - 19 samples (256 per mini-batch)
2025-11-11 02:21:26,049 - Epoch: [73][    1/    1]    Loss 0.777635    Top1 57.894737    
2025-11-11 02:21:27,612 - ==> Top1: 57.895    Loss: 0.778

2025-11-11 02:21:27,612 - ==> Confusion:
[[3 4]
 [4 8]]

2025-11-11 02:21:27,675 - ==> Best [Top1: 78.947   Params: 57776 on epoch: 43]
2025-11-11 02:21:27,675 - Saving checkpoint to: logs\2025.11.11-003449\qat_checkpoint.pth.tar
2025-11-11 02:21:27,687 - 

2025-11-11 02:21:27,687 - Training epoch: 171 samples (256 per mini-batch, world size: 1)
2025-11-11 02:22:10,074 - Epoch: [74][    1/    1]    Overall Loss 0.610303    Objective Loss 0.610303    Top1 71.929825    LR 0.000025    Time 42.385475    
2025-11-11 02:22:11,230 - --- validate (epoch=74)-----------
2025-11-11 02:22:11,231 - 19 samples (256 per mini-batch)
2025-11-11 02:22:48,794 - Epoch: [74][    1/    1]    Loss 0.704354    Top1 57.894737    
2025-11-11 02:22:50,332 - ==> Top1: 57.895    Loss: 0.704

2025-11-11 02:22:50,333 - ==> Confusion:
[[2 5]
 [3 9]]

2025-11-11 02:22:50,404 - ==> Best [Top1: 78.947   Params: 57776 on epoch: 43]
2025-11-11 02:22:50,405 - Saving checkpoint to: logs\2025.11.11-003449\qat_checkpoint.pth.tar
2025-11-11 02:22:50,415 - 

2025-11-11 02:22:50,419 - Training epoch: 171 samples (256 per mini-batch, world size: 1)
2025-11-11 02:23:32,656 - Epoch: [75][    1/    1]    Overall Loss 0.647583    Objective Loss 0.647583    Top1 63.742690    LR 0.000025    Time 42.233050    
2025-11-11 02:23:34,015 - --- validate (epoch=75)-----------
2025-11-11 02:23:34,016 - 19 samples (256 per mini-batch)
2025-11-11 02:24:24,482 - Epoch: [75][    1/    1]    Loss 0.957547    Top1 36.842105    
2025-11-11 02:24:26,214 - ==> Top1: 36.842    Loss: 0.958

2025-11-11 02:24:26,214 - ==> Confusion:
[[2 5]
 [7 5]]

2025-11-11 02:24:26,287 - ==> Best [Top1: 78.947   Params: 57776 on epoch: 43]
2025-11-11 02:24:26,287 - Saving checkpoint to: logs\2025.11.11-003449\qat_checkpoint.pth.tar
2025-11-11 02:24:26,300 - 

2025-11-11 02:24:26,300 - Training epoch: 171 samples (256 per mini-batch, world size: 1)
2025-11-11 02:25:11,031 - Epoch: [76][    1/    1]    Overall Loss 0.621472    Objective Loss 0.621472    Top1 67.251462    LR 0.000025    Time 44.730532    
2025-11-11 02:25:12,217 - --- validate (epoch=76)-----------
2025-11-11 02:25:12,217 - 19 samples (256 per mini-batch)
2025-11-11 02:25:54,673 - Epoch: [76][    1/    1]    Loss 0.800378    Top1 63.157895    
2025-11-11 02:25:56,405 - ==> Top1: 63.158    Loss: 0.800

2025-11-11 02:25:56,405 - ==> Confusion:
[[4 3]
 [4 8]]

2025-11-11 02:25:56,489 - ==> Best [Top1: 78.947   Params: 57776 on epoch: 43]
2025-11-11 02:25:56,490 - Saving checkpoint to: logs\2025.11.11-003449\qat_checkpoint.pth.tar
2025-11-11 02:25:56,506 - 

2025-11-11 02:25:56,508 - Training epoch: 171 samples (256 per mini-batch, world size: 1)
2025-11-11 02:26:42,790 - Epoch: [77][    1/    1]    Overall Loss 0.624371    Objective Loss 0.624371    Top1 69.005848    LR 0.000025    Time 46.281893    
2025-11-11 02:26:44,121 - --- validate (epoch=77)-----------
2025-11-11 02:26:44,122 - 19 samples (256 per mini-batch)
2025-11-11 02:27:25,851 - Epoch: [77][    1/    1]    Loss 0.675101    Top1 57.894737    
2025-11-11 02:27:27,800 - ==> Top1: 57.895    Loss: 0.675

2025-11-11 02:27:27,801 - ==> Confusion:
[[4 3]
 [5 7]]

2025-11-11 02:27:27,889 - ==> Best [Top1: 78.947   Params: 57776 on epoch: 43]
2025-11-11 02:27:27,890 - Saving checkpoint to: logs\2025.11.11-003449\qat_checkpoint.pth.tar
2025-11-11 02:27:27,904 - 

2025-11-11 02:27:27,905 - Training epoch: 171 samples (256 per mini-batch, world size: 1)
2025-11-11 02:28:16,376 - Epoch: [78][    1/    1]    Overall Loss 0.658493    Objective Loss 0.658493    Top1 64.912281    LR 0.000025    Time 48.471186    
2025-11-11 02:28:17,702 - --- validate (epoch=78)-----------
2025-11-11 02:28:17,704 - 19 samples (256 per mini-batch)
2025-11-11 02:29:01,914 - Epoch: [78][    1/    1]    Loss 0.860824    Top1 57.894737    
2025-11-11 02:29:03,536 - ==> Top1: 57.895    Loss: 0.861

2025-11-11 02:29:03,537 - ==> Confusion:
[[4 3]
 [5 7]]

2025-11-11 02:29:03,629 - ==> Best [Top1: 78.947   Params: 57776 on epoch: 43]
2025-11-11 02:29:03,629 - Saving checkpoint to: logs\2025.11.11-003449\qat_checkpoint.pth.tar
2025-11-11 02:29:03,642 - 

2025-11-11 02:29:03,642 - Training epoch: 171 samples (256 per mini-batch, world size: 1)
2025-11-11 02:29:47,541 - Epoch: [79][    1/    1]    Overall Loss 0.684174    Objective Loss 0.684174    Top1 62.573099    LR 0.000025    Time 43.898956    
2025-11-11 02:29:48,681 - --- validate (epoch=79)-----------
2025-11-11 02:29:48,682 - 19 samples (256 per mini-batch)
2025-11-11 02:30:32,098 - Epoch: [79][    1/    1]    Loss 0.805006    Top1 57.894737    
2025-11-11 02:30:33,931 - ==> Top1: 57.895    Loss: 0.805

2025-11-11 02:30:33,932 - ==> Confusion:
[[5 2]
 [6 6]]

2025-11-11 02:30:34,037 - ==> Best [Top1: 78.947   Params: 57776 on epoch: 43]
2025-11-11 02:30:34,038 - Saving checkpoint to: logs\2025.11.11-003449\qat_checkpoint.pth.tar
2025-11-11 02:30:34,051 - 

2025-11-11 02:30:34,051 - Training epoch: 171 samples (256 per mini-batch, world size: 1)
2025-11-11 02:31:20,119 - Epoch: [80][    1/    1]    Overall Loss 0.660534    Objective Loss 0.660534    Top1 61.988304    LR 0.000025    Time 46.066404    
2025-11-11 02:31:21,620 - --- validate (epoch=80)-----------
2025-11-11 02:31:21,621 - 19 samples (256 per mini-batch)
2025-11-11 02:32:04,480 - Epoch: [80][    1/    1]    Loss 0.887221    Top1 57.894737    
2025-11-11 02:32:06,115 - ==> Top1: 57.895    Loss: 0.887

2025-11-11 02:32:06,116 - ==> Confusion:
[[4 3]
 [5 7]]

2025-11-11 02:32:06,207 - ==> Best [Top1: 78.947   Params: 57776 on epoch: 43]
2025-11-11 02:32:06,207 - Saving checkpoint to: logs\2025.11.11-003449\qat_checkpoint.pth.tar
2025-11-11 02:32:06,224 - 

2025-11-11 02:32:06,225 - Training epoch: 171 samples (256 per mini-batch, world size: 1)
2025-11-11 02:32:49,281 - Epoch: [81][    1/    1]    Overall Loss 0.642037    Objective Loss 0.642037    Top1 65.497076    LR 0.000025    Time 43.055744    
2025-11-11 02:32:50,477 - --- validate (epoch=81)-----------
2025-11-11 02:32:50,477 - 19 samples (256 per mini-batch)
2025-11-11 02:33:30,616 - Epoch: [81][    1/    1]    Loss 0.532664    Top1 78.947368    
2025-11-11 02:33:32,360 - ==> Top1: 78.947    Loss: 0.533

2025-11-11 02:33:32,360 - ==> Confusion:
[[ 5  2]
 [ 2 10]]

2025-11-11 02:33:32,449 - ==> Best [Top1: 78.947   Params: 57776 on epoch: 81]
2025-11-11 02:33:32,449 - Saving checkpoint to: logs\2025.11.11-003449\qat_checkpoint.pth.tar
2025-11-11 02:33:32,490 - 

2025-11-11 02:33:32,490 - Training epoch: 171 samples (256 per mini-batch, world size: 1)
2025-11-11 02:34:16,457 - Epoch: [82][    1/    1]    Overall Loss 0.554833    Objective Loss 0.554833    Top1 69.590643    LR 0.000025    Time 43.965846    
2025-11-11 02:34:17,647 - --- validate (epoch=82)-----------
2025-11-11 02:34:17,649 - 19 samples (256 per mini-batch)
2025-11-11 02:34:59,510 - Epoch: [82][    1/    1]    Loss 0.625690    Top1 57.894737    
2025-11-11 02:35:01,387 - ==> Top1: 57.895    Loss: 0.626

2025-11-11 02:35:01,387 - ==> Confusion:
[[5 2]
 [6 6]]

2025-11-11 02:35:01,461 - ==> Best [Top1: 78.947   Params: 57776 on epoch: 81]
2025-11-11 02:35:01,462 - Saving checkpoint to: logs\2025.11.11-003449\qat_checkpoint.pth.tar
2025-11-11 02:35:01,478 - 

2025-11-11 02:35:01,479 - Training epoch: 171 samples (256 per mini-batch, world size: 1)
2025-11-11 02:35:45,236 - Epoch: [83][    1/    1]    Overall Loss 0.685094    Objective Loss 0.685094    Top1 65.497076    LR 0.000025    Time 43.757528    
2025-11-11 02:35:46,519 - --- validate (epoch=83)-----------
2025-11-11 02:35:46,520 - 19 samples (256 per mini-batch)
2025-11-11 02:36:30,865 - Epoch: [83][    1/    1]    Loss 1.008697    Top1 47.368421    
2025-11-11 02:36:32,704 - ==> Top1: 47.368    Loss: 1.009

2025-11-11 02:36:32,705 - ==> Confusion:
[[3 4]
 [6 6]]

2025-11-11 02:36:32,802 - ==> Best [Top1: 78.947   Params: 57776 on epoch: 81]
2025-11-11 02:36:32,802 - Saving checkpoint to: logs\2025.11.11-003449\qat_checkpoint.pth.tar
2025-11-11 02:36:32,821 - 

2025-11-11 02:36:32,821 - Training epoch: 171 samples (256 per mini-batch, world size: 1)
2025-11-11 02:37:16,199 - Epoch: [84][    1/    1]    Overall Loss 0.715020    Objective Loss 0.715020    Top1 61.988304    LR 0.000025    Time 43.377371    
2025-11-11 02:37:17,373 - --- validate (epoch=84)-----------
2025-11-11 02:37:17,373 - 19 samples (256 per mini-batch)
2025-11-11 02:38:06,240 - Epoch: [84][    1/    1]    Loss 0.752856    Top1 57.894737    
2025-11-11 02:38:08,233 - ==> Top1: 57.895    Loss: 0.753

2025-11-11 02:38:08,233 - ==> Confusion:
[[4 3]
 [5 7]]

2025-11-11 02:38:08,323 - ==> Best [Top1: 78.947   Params: 57776 on epoch: 81]
2025-11-11 02:38:08,324 - Saving checkpoint to: logs\2025.11.11-003449\qat_checkpoint.pth.tar
2025-11-11 02:38:08,339 - 

2025-11-11 02:38:08,341 - Training epoch: 171 samples (256 per mini-batch, world size: 1)
2025-11-11 02:39:01,167 - Epoch: [85][    1/    1]    Overall Loss 0.674032    Objective Loss 0.674032    Top1 61.988304    LR 0.000025    Time 52.825286    
2025-11-11 02:39:02,520 - --- validate (epoch=85)-----------
2025-11-11 02:39:02,521 - 19 samples (256 per mini-batch)
2025-11-11 02:39:44,874 - Epoch: [85][    1/    1]    Loss 0.819987    Top1 47.368421    
2025-11-11 02:39:46,531 - ==> Top1: 47.368    Loss: 0.820

2025-11-11 02:39:46,532 - ==> Confusion:
[[5 2]
 [8 4]]

2025-11-11 02:39:46,624 - ==> Best [Top1: 78.947   Params: 57776 on epoch: 81]
2025-11-11 02:39:46,624 - Saving checkpoint to: logs\2025.11.11-003449\qat_checkpoint.pth.tar
2025-11-11 02:39:46,640 - 

2025-11-11 02:39:46,641 - Training epoch: 171 samples (256 per mini-batch, world size: 1)
2025-11-11 02:40:30,535 - Epoch: [86][    1/    1]    Overall Loss 0.677271    Objective Loss 0.677271    Top1 66.081871    LR 0.000025    Time 43.892486    
2025-11-11 02:40:31,744 - --- validate (epoch=86)-----------
2025-11-11 02:40:31,744 - 19 samples (256 per mini-batch)
2025-11-11 02:41:13,641 - Epoch: [86][    1/    1]    Loss 0.879738    Top1 42.105263    
2025-11-11 02:41:15,422 - ==> Top1: 42.105    Loss: 0.880

2025-11-11 02:41:15,422 - ==> Confusion:
[[3 4]
 [7 5]]

2025-11-11 02:41:15,490 - ==> Best [Top1: 78.947   Params: 57776 on epoch: 81]
2025-11-11 02:41:15,490 - Saving checkpoint to: logs\2025.11.11-003449\qat_checkpoint.pth.tar
2025-11-11 02:41:15,505 - 

2025-11-11 02:41:15,505 - Training epoch: 171 samples (256 per mini-batch, world size: 1)
2025-11-11 02:42:02,910 - Epoch: [87][    1/    1]    Overall Loss 0.656012    Objective Loss 0.656012    Top1 65.497076    LR 0.000025    Time 47.403632    
2025-11-11 02:42:04,087 - --- validate (epoch=87)-----------
2025-11-11 02:42:04,088 - 19 samples (256 per mini-batch)
2025-11-11 02:42:47,308 - Epoch: [87][    1/    1]    Loss 0.704111    Top1 68.421053    
2025-11-11 02:42:49,085 - ==> Top1: 68.421    Loss: 0.704

2025-11-11 02:42:49,085 - ==> Confusion:
[[5 2]
 [4 8]]

2025-11-11 02:42:49,165 - ==> Best [Top1: 78.947   Params: 57776 on epoch: 81]
2025-11-11 02:42:49,170 - Saving checkpoint to: logs\2025.11.11-003449\qat_checkpoint.pth.tar
2025-11-11 02:42:49,187 - 

2025-11-11 02:42:49,193 - Training epoch: 171 samples (256 per mini-batch, world size: 1)
2025-11-11 02:43:36,879 - Epoch: [88][    1/    1]    Overall Loss 0.559211    Objective Loss 0.559211    Top1 71.929825    LR 0.000025    Time 47.684618    
2025-11-11 02:43:38,375 - --- validate (epoch=88)-----------
2025-11-11 02:43:38,375 - 19 samples (256 per mini-batch)
2025-11-11 02:44:22,811 - Epoch: [88][    1/    1]    Loss 0.641976    Top1 73.684211    
2025-11-11 02:44:25,125 - ==> Top1: 73.684    Loss: 0.642

2025-11-11 02:44:25,125 - ==> Confusion:
[[6 1]
 [4 8]]

2025-11-11 02:44:25,202 - ==> Best [Top1: 78.947   Params: 57776 on epoch: 81]
2025-11-11 02:44:25,203 - Saving checkpoint to: logs\2025.11.11-003449\qat_checkpoint.pth.tar
2025-11-11 02:44:25,219 - 

2025-11-11 02:44:25,220 - Training epoch: 171 samples (256 per mini-batch, world size: 1)
2025-11-11 02:45:14,255 - Epoch: [89][    1/    1]    Overall Loss 0.624943    Objective Loss 0.624943    Top1 67.251462    LR 0.000025    Time 49.033233    
2025-11-11 02:45:15,520 - --- validate (epoch=89)-----------
2025-11-11 02:45:15,521 - 19 samples (256 per mini-batch)
2025-11-11 02:45:58,230 - Epoch: [89][    1/    1]    Loss 0.612309    Top1 68.421053    
2025-11-11 02:45:59,817 - ==> Top1: 68.421    Loss: 0.612

2025-11-11 02:45:59,818 - ==> Confusion:
[[5 2]
 [4 8]]

2025-11-11 02:45:59,892 - ==> Best [Top1: 78.947   Params: 57776 on epoch: 81]
2025-11-11 02:45:59,893 - Saving checkpoint to: logs\2025.11.11-003449\qat_checkpoint.pth.tar
2025-11-11 02:45:59,906 - 

2025-11-11 02:45:59,906 - Training epoch: 171 samples (256 per mini-batch, world size: 1)
2025-11-11 02:46:41,404 - Epoch: [90][    1/    1]    Overall Loss 0.618429    Objective Loss 0.618429    Top1 66.081871    LR 0.000025    Time 41.497576    
2025-11-11 02:46:42,698 - --- validate (epoch=90)-----------
2025-11-11 02:46:42,698 - 19 samples (256 per mini-batch)
2025-11-11 02:47:20,723 - Epoch: [90][    1/    1]    Loss 0.649058    Top1 73.684211    
2025-11-11 02:47:22,432 - ==> Top1: 73.684    Loss: 0.649

2025-11-11 02:47:22,433 - ==> Confusion:
[[ 4  3]
 [ 2 10]]

2025-11-11 02:47:22,492 - ==> Best [Top1: 78.947   Params: 57776 on epoch: 81]
2025-11-11 02:47:22,493 - Saving checkpoint to: logs\2025.11.11-003449\qat_checkpoint.pth.tar
2025-11-11 02:47:22,506 - 

2025-11-11 02:47:22,506 - Training epoch: 171 samples (256 per mini-batch, world size: 1)
2025-11-11 02:48:05,584 - Epoch: [91][    1/    1]    Overall Loss 0.597531    Objective Loss 0.597531    Top1 69.005848    LR 0.000025    Time 43.077397    
2025-11-11 02:48:07,002 - --- validate (epoch=91)-----------
2025-11-11 02:48:07,003 - 19 samples (256 per mini-batch)
2025-11-11 02:48:52,501 - Epoch: [91][    1/    1]    Loss 0.741172    Top1 57.894737    
2025-11-11 02:48:54,232 - ==> Top1: 57.895    Loss: 0.741

2025-11-11 02:48:54,232 - ==> Confusion:
[[3 4]
 [4 8]]

2025-11-11 02:48:54,317 - ==> Best [Top1: 78.947   Params: 57776 on epoch: 81]
2025-11-11 02:48:54,317 - Saving checkpoint to: logs\2025.11.11-003449\qat_checkpoint.pth.tar
2025-11-11 02:48:54,340 - 

2025-11-11 02:48:54,340 - Training epoch: 171 samples (256 per mini-batch, world size: 1)
2025-11-11 02:49:39,551 - Epoch: [92][    1/    1]    Overall Loss 0.655031    Objective Loss 0.655031    Top1 64.327485    LR 0.000025    Time 45.208037    
2025-11-11 02:49:40,848 - --- validate (epoch=92)-----------
2025-11-11 02:49:40,850 - 19 samples (256 per mini-batch)
2025-11-11 02:50:23,946 - Epoch: [92][    1/    1]    Loss 0.733092    Top1 42.105263    
2025-11-11 02:50:25,603 - ==> Top1: 42.105    Loss: 0.733

2025-11-11 02:50:25,603 - ==> Confusion:
[[2 5]
 [6 6]]

2025-11-11 02:50:25,673 - ==> Best [Top1: 78.947   Params: 57776 on epoch: 81]
2025-11-11 02:50:25,674 - Saving checkpoint to: logs\2025.11.11-003449\qat_checkpoint.pth.tar
2025-11-11 02:50:25,687 - 

2025-11-11 02:50:25,688 - Training epoch: 171 samples (256 per mini-batch, world size: 1)
2025-11-11 02:51:07,743 - Epoch: [93][    1/    1]    Overall Loss 0.571103    Objective Loss 0.571103    Top1 66.081871    LR 0.000025    Time 42.054475    
2025-11-11 02:51:09,184 - --- validate (epoch=93)-----------
2025-11-11 02:51:09,184 - 19 samples (256 per mini-batch)
2025-11-11 02:51:49,568 - Epoch: [93][    1/    1]    Loss 0.824282    Top1 57.894737    
2025-11-11 02:51:51,514 - ==> Top1: 57.895    Loss: 0.824

2025-11-11 02:51:51,515 - ==> Confusion:
[[3 4]
 [4 8]]

2025-11-11 02:51:51,606 - ==> Best [Top1: 78.947   Params: 57776 on epoch: 81]
2025-11-11 02:51:51,606 - Saving checkpoint to: logs\2025.11.11-003449\qat_checkpoint.pth.tar
2025-11-11 02:51:51,623 - 

2025-11-11 02:51:51,624 - Training epoch: 171 samples (256 per mini-batch, world size: 1)
2025-11-11 02:52:37,090 - Epoch: [94][    1/    1]    Overall Loss 0.640490    Objective Loss 0.640490    Top1 66.081871    LR 0.000025    Time 45.465120    
2025-11-11 02:52:38,352 - --- validate (epoch=94)-----------
2025-11-11 02:52:38,352 - 19 samples (256 per mini-batch)
2025-11-11 02:53:22,298 - Epoch: [94][    1/    1]    Loss 0.811073    Top1 52.631579    
2025-11-11 02:53:24,265 - ==> Top1: 52.632    Loss: 0.811

2025-11-11 02:53:24,266 - ==> Confusion:
[[4 3]
 [6 6]]

2025-11-11 02:53:24,355 - ==> Best [Top1: 78.947   Params: 57776 on epoch: 81]
2025-11-11 02:53:24,355 - Saving checkpoint to: logs\2025.11.11-003449\qat_checkpoint.pth.tar
2025-11-11 02:53:24,368 - 

2025-11-11 02:53:24,369 - Training epoch: 171 samples (256 per mini-batch, world size: 1)
2025-11-11 02:54:09,868 - Epoch: [95][    1/    1]    Overall Loss 0.665476    Objective Loss 0.665476    Top1 63.157895    LR 0.000025    Time 45.498906    
2025-11-11 02:54:11,076 - --- validate (epoch=95)-----------
2025-11-11 02:54:11,077 - 19 samples (256 per mini-batch)
2025-11-11 02:54:50,613 - Epoch: [95][    1/    1]    Loss 0.726145    Top1 78.947368    
2025-11-11 02:54:52,769 - ==> Top1: 78.947    Loss: 0.726

2025-11-11 02:54:52,769 - ==> Confusion:
[[6 1]
 [3 9]]

2025-11-11 02:54:52,850 - ==> Best [Top1: 78.947   Params: 57776 on epoch: 95]
2025-11-11 02:54:52,851 - Saving checkpoint to: logs\2025.11.11-003449\qat_checkpoint.pth.tar
2025-11-11 02:54:52,890 - 

2025-11-11 02:54:52,891 - Training epoch: 171 samples (256 per mini-batch, world size: 1)
2025-11-11 02:55:35,258 - Epoch: [96][    1/    1]    Overall Loss 0.584663    Objective Loss 0.584663    Top1 71.345029    LR 0.000025    Time 42.367232    
2025-11-11 02:55:36,460 - --- validate (epoch=96)-----------
2025-11-11 02:55:36,460 - 19 samples (256 per mini-batch)
2025-11-11 02:56:15,704 - Epoch: [96][    1/    1]    Loss 1.008221    Top1 42.105263    
2025-11-11 02:56:17,708 - ==> Top1: 42.105    Loss: 1.008

2025-11-11 02:56:17,710 - ==> Confusion:
[[3 4]
 [7 5]]

2025-11-11 02:56:17,800 - ==> Best [Top1: 78.947   Params: 57776 on epoch: 95]
2025-11-11 02:56:17,801 - Saving checkpoint to: logs\2025.11.11-003449\qat_checkpoint.pth.tar
2025-11-11 02:56:17,820 - 

2025-11-11 02:56:17,820 - Training epoch: 171 samples (256 per mini-batch, world size: 1)
2025-11-11 02:56:59,021 - Epoch: [97][    1/    1]    Overall Loss 0.554888    Objective Loss 0.554888    Top1 70.760234    LR 0.000025    Time 41.200850    
2025-11-11 02:57:00,190 - --- validate (epoch=97)-----------
2025-11-11 02:57:00,192 - 19 samples (256 per mini-batch)
2025-11-11 02:57:39,969 - Epoch: [97][    1/    1]    Loss 0.566927    Top1 57.894737    
2025-11-11 02:57:41,593 - ==> Top1: 57.895    Loss: 0.567

2025-11-11 02:57:41,594 - ==> Confusion:
[[4 3]
 [5 7]]

2025-11-11 02:57:41,654 - ==> Best [Top1: 78.947   Params: 57776 on epoch: 95]
2025-11-11 02:57:41,655 - Saving checkpoint to: logs\2025.11.11-003449\qat_checkpoint.pth.tar
2025-11-11 02:57:41,669 - 

2025-11-11 02:57:41,669 - Training epoch: 171 samples (256 per mini-batch, world size: 1)
2025-11-11 02:58:23,199 - Epoch: [98][    1/    1]    Overall Loss 0.528117    Objective Loss 0.528117    Top1 71.929825    LR 0.000025    Time 41.528830    
2025-11-11 02:58:24,362 - --- validate (epoch=98)-----------
2025-11-11 02:58:24,362 - 19 samples (256 per mini-batch)
2025-11-11 02:59:03,277 - Epoch: [98][    1/    1]    Loss 0.707228    Top1 63.157895    
2025-11-11 02:59:04,882 - ==> Top1: 63.158    Loss: 0.707

2025-11-11 02:59:04,883 - ==> Confusion:
[[4 3]
 [4 8]]

2025-11-11 02:59:04,952 - ==> Best [Top1: 78.947   Params: 57776 on epoch: 95]
2025-11-11 02:59:04,952 - Saving checkpoint to: logs\2025.11.11-003449\qat_checkpoint.pth.tar
2025-11-11 02:59:04,963 - 

2025-11-11 02:59:04,964 - Training epoch: 171 samples (256 per mini-batch, world size: 1)
2025-11-11 02:59:46,954 - Epoch: [99][    1/    1]    Overall Loss 0.620411    Objective Loss 0.620411    Top1 66.666667    LR 0.000025    Time 41.989898    
2025-11-11 02:59:48,176 - --- validate (epoch=99)-----------
2025-11-11 02:59:48,178 - 19 samples (256 per mini-batch)
2025-11-11 03:00:26,763 - Epoch: [99][    1/    1]    Loss 0.818077    Top1 68.421053    
2025-11-11 03:00:28,322 - ==> Top1: 68.421    Loss: 0.818

2025-11-11 03:00:28,323 - ==> Confusion:
[[6 1]
 [5 7]]

2025-11-11 03:00:28,388 - ==> Best [Top1: 78.947   Params: 57776 on epoch: 95]
2025-11-11 03:00:28,388 - Saving checkpoint to: logs\2025.11.11-003449\qat_checkpoint.pth.tar
2025-11-11 03:00:28,400 - --- test (ckpt) ---------------------
2025-11-11 03:00:28,402 - 48 samples (256 per mini-batch)
2025-11-11 03:00:38,497 - Test: [    1/    1]    Loss 0.778507    Top1 54.166667    
2025-11-11 03:00:39,643 - ==> Top1: 54.167    Loss: 0.779

2025-11-11 03:00:39,643 - ==> Confusion:
[[17  7]
 [15  9]]

2025-11-11 03:00:39,643 - --- test (best) ---------------------
2025-11-11 03:00:39,653 - => loading checkpoint logs\2025.11.11-003449\qat_best.pth.tar
2025-11-11 03:00:39,709 - => Checkpoint contents:
+----------------------+-------------+-----------+
| Key                  | Type        | Value     |
|----------------------+-------------+-----------|
| arch                 | str         | ai85cdnet |
| compression_sched    | dict        |           |
| epoch                | int         | 95        |
| extras               | dict        |           |
| optimizer_state_dict | dict        |           |
| optimizer_type       | type        | Adam      |
| state_dict           | OrderedDict |           |
+----------------------+-------------+-----------+

2025-11-11 03:00:39,712 - => Checkpoint['extras'] contents:
+--------------+--------+---------+
| Key          | Type   |   Value |
|--------------+--------+---------|
| best_epoch   | int    | 95      |
| best_mAP     | int    |  0      |
| best_top1    | float  | 78.9474 |
| current_mAP  | int    |  0      |
| current_top1 | float  | 78.9474 |
+--------------+--------+---------+

2025-11-11 03:00:39,714 - Loaded compression schedule from checkpoint (epoch 95)
2025-11-11 03:00:39,720 - => loaded 'state_dict' from checkpoint 'logs\2025.11.11-003449\qat_best.pth.tar'
2025-11-11 03:00:39,721 - 48 samples (256 per mini-batch)
2025-11-11 03:00:50,478 - Test: [    1/    1]    Loss 0.773462    Top1 60.416667    
2025-11-11 03:00:51,600 - ==> Top1: 60.417    Loss: 0.773

2025-11-11 03:00:51,604 - ==> Confusion:
[[16  8]
 [11 13]]

2025-11-11 03:00:51,613 - 
2025-11-11 03:00:51,613 - Log file for this run: C:\ai8x-training\logs\2025.11.11-003449\2025.11.11-003449.log
